{"/Users/jpg/Documents/RFP2205/Atelier-FEC/client/src/components/Context.js": {"path":"/Users/jpg/Documents/RFP2205/Atelier-FEC/client/src/components/Context.js","statementMap":{"0":{"start":{"line":3,"column":18},"end":{"line":3,"column":33}}},"fnMap":{},"branchMap":{},"s":{"0":1},"f":{},"b":{},"_coverageSchema":"1a1c01bbd47fc00a2c39e90264f33305004495a9","hash":"4197dcbadd48c7cee265627e66a74c26aec10de1"}
,"/Users/jpg/Documents/RFP2205/Atelier-FEC/client/src/components/RelatedProducts/OutfitCard.jsx": {"path":"/Users/jpg/Documents/RFP2205/Atelier-FEC/client/src/components/RelatedProducts/OutfitCard.jsx","statementMap":{"0":{"start":{"line":4,"column":2},"end":{"line":9,"column":4}}},"fnMap":{"0":{"name":"OutfitCard","decl":{"start":{"line":3,"column":9},"end":{"line":3,"column":19}},"loc":{"start":{"line":3,"column":22},"end":{"line":10,"column":1}},"line":3}},"branchMap":{},"s":{"0":1},"f":{"0":1},"b":{},"_coverageSchema":"1a1c01bbd47fc00a2c39e90264f33305004495a9","hash":"41edde77483e9abd437a43fa4dbb66812a8f4317"}
,"/Users/jpg/Documents/RFP2205/Atelier-FEC/client/src/components/RelatedProducts/OutfitList.jsx": {"path":"/Users/jpg/Documents/RFP2205/Atelier-FEC/client/src/components/RelatedProducts/OutfitList.jsx","statementMap":{"0":{"start":{"line":6,"column":22},"end":{"line":14,"column":1}},"1":{"start":{"line":16,"column":23},"end":{"line":27,"column":2}},"2":{"start":{"line":29,"column":24},"end":{"line":40,"column":1}},"3":{"start":{"line":43,"column":2},"end":{"line":49,"column":4}}},"fnMap":{"0":{"name":"OutfitList","decl":{"start":{"line":42,"column":9},"end":{"line":42,"column":19}},"loc":{"start":{"line":42,"column":22},"end":{"line":50,"column":1}},"line":42}},"branchMap":{},"s":{"0":1,"1":1,"2":1,"3":1},"f":{"0":1},"b":{},"_coverageSchema":"1a1c01bbd47fc00a2c39e90264f33305004495a9","hash":"0de19cfca1b93cc006d735bd7efd0ac93cac9c9b"}
,"/Users/jpg/Documents/RFP2205/Atelier-FEC/client/src/components/RelatedProducts/ProductCard.jsx": {"path":"/Users/jpg/Documents/RFP2205/Atelier-FEC/client/src/components/RelatedProducts/ProductCard.jsx","statementMap":{"0":{"start":{"line":8,"column":13},"end":{"line":18,"column":1}},"1":{"start":{"line":20,"column":16},"end":{"line":25,"column":1}},"2":{"start":{"line":27,"column":17},"end":{"line":34,"column":1}},"3":{"start":{"line":36,"column":13},"end":{"line":39,"column":1}},"4":{"start":{"line":41,"column":14},"end":{"line":45,"column":1}},"5":{"start":{"line":47,"column":19},"end":{"line":56,"column":1}},"6":{"start":{"line":58,"column":16},"end":{"line":61,"column":1}},"7":{"start":{"line":64,"column":27},"end":{"line":64,"column":48}},"8":{"start":{"line":66,"column":2},"end":{"line":95,"column":4}},"9":{"start":{"line":67,"column":27},"end":{"line":67,"column":54}},"10":{"start":{"line":98,"column":0},"end":{"line":102,"column":2}},"11":{"start":{"line":104,"column":0},"end":{"line":106,"column":2}}},"fnMap":{"0":{"name":"ProductCard","decl":{"start":{"line":63,"column":9},"end":{"line":63,"column":20}},"loc":{"start":{"line":63,"column":31},"end":{"line":96,"column":1}},"line":63},"1":{"name":"(anonymous_1)","decl":{"start":{"line":67,"column":19},"end":{"line":67,"column":20}},"loc":{"start":{"line":67,"column":25},"end":{"line":67,"column":56}},"line":67}},"branchMap":{"0":{"loc":{"start":{"line":68,"column":7},"end":{"line":74,"column":9}},"type":"cond-expr","locations":[{"start":{"line":70,"column":10},"end":{"line":70,"column":73}},{"start":{"line":73,"column":10},"end":{"line":73,"column":113}}],"line":68},"1":{"loc":{"start":{"line":79,"column":9},"end":{"line":91,"column":11}},"type":"cond-expr","locations":[{"start":{"line":81,"column":12},"end":{"line":84,"column":20}},{"start":{"line":87,"column":12},"end":{"line":90,"column":20}}],"line":79}},"s":{"0":1,"1":1,"2":1,"3":1,"4":1,"5":1,"6":1,"7":0,"8":0,"9":0,"10":1,"11":1},"f":{"0":0,"1":0},"b":{"0":[0,0],"1":[0,0]},"_coverageSchema":"1a1c01bbd47fc00a2c39e90264f33305004495a9","hash":"1f6f49acc6b187bb7cc4cf8b1d32a38cc014e460"}
,"/Users/jpg/Documents/RFP2205/Atelier-FEC/client/src/components/RelatedProducts/ProductList.jsx": {"path":"/Users/jpg/Documents/RFP2205/Atelier-FEC/client/src/components/RelatedProducts/ProductList.jsx","statementMap":{"0":{"start":{"line":8,"column":22},"end":{"line":14,"column":1}},"1":{"start":{"line":16,"column":22},"end":{"line":28,"column":1}},"2":{"start":{"line":30,"column":23},"end":{"line":41,"column":2}},"3":{"start":{"line":43,"column":24},"end":{"line":54,"column":1}},"4":{"start":{"line":57,"column":20},"end":{"line":60,"column":3}},"5":{"start":{"line":58,"column":19},"end":{"line":58,"column":52}},"6":{"start":{"line":59,"column":4},"end":{"line":59,"column":29}},"7":{"start":{"line":62,"column":21},"end":{"line":65,"column":3}},"8":{"start":{"line":63,"column":19},"end":{"line":63,"column":52}},"9":{"start":{"line":64,"column":4},"end":{"line":64,"column":29}},"10":{"start":{"line":67,"column":24},"end":{"line":67,"column":45}},"11":{"start":{"line":68,"column":40},"end":{"line":68,"column":52}},"12":{"start":{"line":71,"column":4},"end":{"line":71,"column":40}},"13":{"start":{"line":75,"column":4},"end":{"line":75,"column":47}},"14":{"start":{"line":78,"column":22},"end":{"line":78,"column":24}},"15":{"start":{"line":79,"column":22},"end":{"line":79,"column":24}},"16":{"start":{"line":81,"column":2},"end":{"line":105,"column":18}},"17":{"start":{"line":82,"column":4},"end":{"line":104,"column":9}},"18":{"start":{"line":84,"column":30},"end":{"line":84,"column":38}},"19":{"start":{"line":85,"column":8},"end":{"line":88,"column":11}},"20":{"start":{"line":86,"column":26},"end":{"line":86,"column":80}},"21":{"start":{"line":87,"column":10},"end":{"line":87,"column":36}},"22":{"start":{"line":90,"column":8},"end":{"line":103,"column":13}},"23":{"start":{"line":92,"column":12},"end":{"line":98,"column":15}},"24":{"start":{"line":93,"column":30},"end":{"line":93,"column":32}},"25":{"start":{"line":94,"column":14},"end":{"line":94,"column":45}},"26":{"start":{"line":95,"column":14},"end":{"line":95,"column":46}},"27":{"start":{"line":96,"column":14},"end":{"line":96,"column":39}},"28":{"start":{"line":97,"column":14},"end":{"line":97,"column":40}},"29":{"start":{"line":99,"column":12},"end":{"line":99,"column":40}},"30":{"start":{"line":102,"column":12},"end":{"line":102,"column":71}},"31":{"start":{"line":107,"column":2},"end":{"line":117,"column":4}},"32":{"start":{"line":112,"column":36},"end":{"line":112,"column":82}}},"fnMap":{"0":{"name":"ProductList","decl":{"start":{"line":56,"column":9},"end":{"line":56,"column":20}},"loc":{"start":{"line":56,"column":23},"end":{"line":118,"column":1}},"line":56},"1":{"name":"(anonymous_1)","decl":{"start":{"line":57,"column":20},"end":{"line":57,"column":21}},"loc":{"start":{"line":57,"column":26},"end":{"line":60,"column":3}},"line":57},"2":{"name":"(anonymous_2)","decl":{"start":{"line":62,"column":21},"end":{"line":62,"column":22}},"loc":{"start":{"line":62,"column":27},"end":{"line":65,"column":3}},"line":62},"3":{"name":"getRelatedInfo","decl":{"start":{"line":70,"column":11},"end":{"line":70,"column":25}},"loc":{"start":{"line":70,"column":30},"end":{"line":72,"column":3}},"line":70},"4":{"name":"getRelatedStyle","decl":{"start":{"line":74,"column":11},"end":{"line":74,"column":26}},"loc":{"start":{"line":74,"column":31},"end":{"line":76,"column":3}},"line":74},"5":{"name":"(anonymous_5)","decl":{"start":{"line":81,"column":12},"end":{"line":81,"column":13}},"loc":{"start":{"line":81,"column":18},"end":{"line":105,"column":3}},"line":81},"6":{"name":"(anonymous_6)","decl":{"start":{"line":83,"column":12},"end":{"line":83,"column":13}},"loc":{"start":{"line":83,"column":21},"end":{"line":104,"column":7}},"line":83},"7":{"name":"(anonymous_7)","decl":{"start":{"line":85,"column":30},"end":{"line":85,"column":31}},"loc":{"start":{"line":85,"column":38},"end":{"line":88,"column":9}},"line":85},"8":{"name":"(anonymous_8)","decl":{"start":{"line":91,"column":16},"end":{"line":91,"column":17}},"loc":{"start":{"line":91,"column":28},"end":{"line":100,"column":11}},"line":91},"9":{"name":"(anonymous_9)","decl":{"start":{"line":92,"column":27},"end":{"line":92,"column":28}},"loc":{"start":{"line":92,"column":40},"end":{"line":98,"column":13}},"line":92},"10":{"name":"(anonymous_10)","decl":{"start":{"line":101,"column":17},"end":{"line":101,"column":18}},"loc":{"start":{"line":101,"column":26},"end":{"line":103,"column":11}},"line":101},"11":{"name":"(anonymous_11)","decl":{"start":{"line":112,"column":26},"end":{"line":112,"column":27}},"loc":{"start":{"line":112,"column":36},"end":{"line":112,"column":82}},"line":112}},"branchMap":{},"s":{"0":1,"1":1,"2":1,"3":1,"4":1,"5":0,"6":0,"7":1,"8":0,"9":0,"10":1,"11":1,"12":0,"13":0,"14":1,"15":1,"16":1,"17":1,"18":0,"19":0,"20":0,"21":0,"22":0,"23":0,"24":0,"25":0,"26":0,"27":0,"28":0,"29":0,"30":0,"31":1,"32":0},"f":{"0":1,"1":0,"2":0,"3":0,"4":0,"5":1,"6":0,"7":0,"8":0,"9":0,"10":0,"11":0},"b":{},"_coverageSchema":"1a1c01bbd47fc00a2c39e90264f33305004495a9","hash":"e0abcaa7e570b1717ed49751ccdb12866afa01fe"}
,"/Users/jpg/Documents/RFP2205/Atelier-FEC/client/src/components/RelatedProducts/RelatedProducts.jsx": {"path":"/Users/jpg/Documents/RFP2205/Atelier-FEC/client/src/components/RelatedProducts/RelatedProducts.jsx","statementMap":{"0":{"start":{"line":6,"column":22},"end":{"line":10,"column":1}},"1":{"start":{"line":12,"column":22},"end":{"line":16,"column":1}},"2":{"start":{"line":19,"column":2},"end":{"line":26,"column":4}}},"fnMap":{"0":{"name":"RelatedProducts","decl":{"start":{"line":18,"column":9},"end":{"line":18,"column":24}},"loc":{"start":{"line":18,"column":27},"end":{"line":27,"column":1}},"line":18}},"branchMap":{},"s":{"0":1,"1":1,"2":1},"f":{"0":1},"b":{},"_coverageSchema":"1a1c01bbd47fc00a2c39e90264f33305004495a9","hash":"fd30d443347b67e0dbe640ad99ea33bd531227b8"}
,"/Users/jpg/Documents/RFP2205/Atelier-FEC/client/src/components/RelatedProducts/StarRating.jsx": {"path":"/Users/jpg/Documents/RFP2205/Atelier-FEC/client/src/components/RelatedProducts/StarRating.jsx","statementMap":{"0":{"start":{"line":5,"column":17},"end":{"line":5,"column":20}},"1":{"start":{"line":6,"column":21},"end":{"line":6,"column":47}},"2":{"start":{"line":7,"column":2},"end":{"line":11,"column":4}}},"fnMap":{"0":{"name":"StarRating","decl":{"start":{"line":4,"column":9},"end":{"line":4,"column":19}},"loc":{"start":{"line":4,"column":22},"end":{"line":12,"column":1}},"line":4}},"branchMap":{},"s":{"0":0,"1":0,"2":0},"f":{"0":0},"b":{},"_coverageSchema":"1a1c01bbd47fc00a2c39e90264f33305004495a9","hash":"887592e65d9b35310e177a7d9ed908a25c379618"}
}
