{"/Users/jpg/Documents/RFP2205/Atelier-FEC/client/src/components/Context.js": {"path":"/Users/jpg/Documents/RFP2205/Atelier-FEC/client/src/components/Context.js","statementMap":{"0":{"start":{"line":3,"column":18},"end":{"line":3,"column":33}}},"fnMap":{},"branchMap":{},"s":{"0":2},"f":{},"b":{},"_coverageSchema":"1a1c01bbd47fc00a2c39e90264f33305004495a9","hash":"4197dcbadd48c7cee265627e66a74c26aec10de1"}
,"/Users/jpg/Documents/RFP2205/Atelier-FEC/client/src/components/ModalContext.js": {"path":"/Users/jpg/Documents/RFP2205/Atelier-FEC/client/src/components/ModalContext.js","statementMap":{"0":{"start":{"line":3,"column":21},"end":{"line":3,"column":36}}},"fnMap":{},"branchMap":{},"s":{"0":1},"f":{},"b":{},"_coverageSchema":"1a1c01bbd47fc00a2c39e90264f33305004495a9","hash":"833f80cf371497f965da1a4da2259e5365b339c1"}
,"/Users/jpg/Documents/RFP2205/Atelier-FEC/client/src/components/QnA/AddQuestion.jsx": {"path":"/Users/jpg/Documents/RFP2205/Atelier-FEC/client/src/components/QnA/AddQuestion.jsx","statementMap":{"0":{"start":{"line":5,"column":26},"end":{"line":5,"column":38}},"1":{"start":{"line":6,"column":28},"end":{"line":6,"column":40}},"2":{"start":{"line":7,"column":42},"end":{"line":7,"column":54}},"3":{"start":{"line":9,"column":22},"end":{"line":12,"column":3}},"4":{"start":{"line":10,"column":4},"end":{"line":10,"column":28}},"5":{"start":{"line":11,"column":4},"end":{"line":11,"column":23}},"6":{"start":{"line":14,"column":22},"end":{"line":17,"column":3}},"7":{"start":{"line":15,"column":26},"end":{"line":15,"column":177}},"8":{"start":{"line":16,"column":4},"end":{"line":16,"column":42}},"9":{"start":{"line":26,"column":19},"end":{"line":33,"column":3}},"10":{"start":{"line":27,"column":4},"end":{"line":29,"column":5}},"11":{"start":{"line":28,"column":6},"end":{"line":28,"column":42}},"12":{"start":{"line":29,"column":6},"end":{"line":31,"column":5}},"13":{"start":{"line":30,"column":6},"end":{"line":30,"column":41}},"14":{"start":{"line":32,"column":4},"end":{"line":32,"column":47}},"15":{"start":{"line":35,"column":31},"end":{"line":53,"column":3}},"16":{"start":{"line":36,"column":4},"end":{"line":52,"column":5}},"17":{"start":{"line":37,"column":6},"end":{"line":49,"column":11}},"18":{"start":{"line":44,"column":10},"end":{"line":44,"column":56}},"19":{"start":{"line":45,"column":10},"end":{"line":45,"column":29}},"20":{"start":{"line":48,"column":10},"end":{"line":48,"column":27}},"21":{"start":{"line":51,"column":6},"end":{"line":51,"column":18}},"22":{"start":{"line":56,"column":4},"end":{"line":124,"column":10}},"23":{"start":{"line":58,"column":26},"end":{"line":58,"column":44}},"24":{"start":{"line":62,"column":28},"end":{"line":62,"column":51}},"25":{"start":{"line":66,"column":30},"end":{"line":66,"column":48}},"26":{"start":{"line":78,"column":35},"end":{"line":78,"column":51}},"27":{"start":{"line":94,"column":35},"end":{"line":94,"column":51}},"28":{"start":{"line":106,"column":35},"end":{"line":106,"column":51}},"29":{"start":{"line":119,"column":32},"end":{"line":119,"column":59}},"30":{"start":{"line":128,"column":20},"end":{"line":128,"column":24}},"31":{"start":{"line":129,"column":2},"end":{"line":131,"column":3}},"32":{"start":{"line":130,"column":4},"end":{"line":130,"column":32}},"33":{"start":{"line":132,"column":2},"end":{"line":134,"column":4}}},"fnMap":{"0":{"name":"AddQuestion","decl":{"start":{"line":4,"column":9},"end":{"line":4,"column":20}},"loc":{"start":{"line":4,"column":65},"end":{"line":135,"column":1}},"line":4},"1":{"name":"(anonymous_1)","decl":{"start":{"line":9,"column":22},"end":{"line":9,"column":23}},"loc":{"start":{"line":9,"column":33},"end":{"line":12,"column":3}},"line":9},"2":{"name":"(anonymous_2)","decl":{"start":{"line":14,"column":22},"end":{"line":14,"column":23}},"loc":{"start":{"line":14,"column":38},"end":{"line":17,"column":3}},"line":14},"3":{"name":"(anonymous_3)","decl":{"start":{"line":26,"column":19},"end":{"line":26,"column":20}},"loc":{"start":{"line":26,"column":30},"end":{"line":33,"column":3}},"line":26},"4":{"name":"(anonymous_4)","decl":{"start":{"line":35,"column":31},"end":{"line":35,"column":32}},"loc":{"start":{"line":35,"column":37},"end":{"line":53,"column":3}},"line":35},"5":{"name":"(anonymous_5)","decl":{"start":{"line":43,"column":14},"end":{"line":43,"column":15}},"loc":{"start":{"line":43,"column":28},"end":{"line":46,"column":9}},"line":43},"6":{"name":"(anonymous_6)","decl":{"start":{"line":47,"column":15},"end":{"line":47,"column":16}},"loc":{"start":{"line":47,"column":24},"end":{"line":49,"column":9}},"line":47},"7":{"name":"(anonymous_7)","decl":{"start":{"line":58,"column":15},"end":{"line":58,"column":16}},"loc":{"start":{"line":58,"column":26},"end":{"line":58,"column":44}},"line":58},"8":{"name":"(anonymous_8)","decl":{"start":{"line":62,"column":17},"end":{"line":62,"column":18}},"loc":{"start":{"line":62,"column":28},"end":{"line":62,"column":51}},"line":62},"9":{"name":"(anonymous_9)","decl":{"start":{"line":66,"column":19},"end":{"line":66,"column":20}},"loc":{"start":{"line":66,"column":30},"end":{"line":66,"column":48}},"line":66},"10":{"name":"(anonymous_10)","decl":{"start":{"line":78,"column":22},"end":{"line":78,"column":23}},"loc":{"start":{"line":78,"column":33},"end":{"line":78,"column":53}},"line":78},"11":{"name":"(anonymous_11)","decl":{"start":{"line":94,"column":22},"end":{"line":94,"column":23}},"loc":{"start":{"line":94,"column":33},"end":{"line":94,"column":53}},"line":94},"12":{"name":"(anonymous_12)","decl":{"start":{"line":106,"column":22},"end":{"line":106,"column":23}},"loc":{"start":{"line":106,"column":33},"end":{"line":106,"column":53}},"line":106},"13":{"name":"(anonymous_13)","decl":{"start":{"line":119,"column":21},"end":{"line":119,"column":22}},"loc":{"start":{"line":119,"column":32},"end":{"line":119,"column":59}},"line":119}},"branchMap":{"0":{"loc":{"start":{"line":27,"column":4},"end":{"line":29,"column":5}},"type":"if","locations":[{"start":{"line":27,"column":4},"end":{"line":29,"column":5}},{"start":{},"end":{}}],"line":27},"1":{"loc":{"start":{"line":29,"column":6},"end":{"line":31,"column":5}},"type":"if","locations":[{"start":{"line":29,"column":6},"end":{"line":31,"column":5}},{"start":{},"end":{}}],"line":29},"2":{"loc":{"start":{"line":36,"column":4},"end":{"line":52,"column":5}},"type":"if","locations":[{"start":{"line":36,"column":4},"end":{"line":52,"column":5}},{"start":{"line":50,"column":11},"end":{"line":52,"column":5}}],"line":36},"3":{"loc":{"start":{"line":129,"column":2},"end":{"line":131,"column":3}},"type":"if","locations":[{"start":{"line":129,"column":2},"end":{"line":131,"column":3}},{"start":{},"end":{}}],"line":129}},"s":{"0":1,"1":1,"2":1,"3":1,"4":0,"5":0,"6":1,"7":0,"8":0,"9":1,"10":0,"11":0,"12":0,"13":0,"14":0,"15":1,"16":0,"17":0,"18":0,"19":0,"20":0,"21":0,"22":1,"23":0,"24":0,"25":0,"26":0,"27":0,"28":0,"29":0,"30":1,"31":1,"32":0,"33":1},"f":{"0":1,"1":0,"2":0,"3":0,"4":0,"5":0,"6":0,"7":0,"8":0,"9":0,"10":0,"11":0,"12":0,"13":0},"b":{"0":[0,0],"1":[0,0],"2":[0,0],"3":[0,1]},"_coverageSchema":"1a1c01bbd47fc00a2c39e90264f33305004495a9","hash":"b0bfe4f5bbed89c8d4b42f7e3c44a820b08b1f1f"}
,"/Users/jpg/Documents/RFP2205/Atelier-FEC/client/src/components/QnA/AnswerHelpful.jsx": {"path":"/Users/jpg/Documents/RFP2205/Atelier-FEC/client/src/components/QnA/AnswerHelpful.jsx","statementMap":{"0":{"start":{"line":5,"column":15},"end":{"line":10,"column":1}},"1":{"start":{"line":13,"column":44},"end":{"line":13,"column":59}},"2":{"start":{"line":14,"column":42},"end":{"line":14,"column":57}},"3":{"start":{"line":16,"column":22},"end":{"line":17,"column":32}},"4":{"start":{"line":16,"column":34},"end":{"line":17,"column":32}},"5":{"start":{"line":19,"column":25},"end":{"line":34,"column":3}},"6":{"start":{"line":21,"column":4},"end":{"line":33,"column":15}},"7":{"start":{"line":23,"column":28},"end":{"line":23,"column":59}},"8":{"start":{"line":24,"column":24},"end":{"line":24,"column":40}},"9":{"start":{"line":31,"column":30},"end":{"line":31,"column":47}},"10":{"start":{"line":32,"column":26},"end":{"line":32,"column":42}},"11":{"start":{"line":35,"column":2},"end":{"line":65,"column":4}},"12":{"start":{"line":47,"column":30},"end":{"line":47,"column":52}},"13":{"start":{"line":60,"column":28},"end":{"line":60,"column":50}}},"fnMap":{"0":{"name":"AnswerHelpful","decl":{"start":{"line":12,"column":9},"end":{"line":12,"column":22}},"loc":{"start":{"line":12,"column":79},"end":{"line":66,"column":1}},"line":12},"1":{"name":"(anonymous_1)","decl":{"start":{"line":16,"column":22},"end":{"line":16,"column":23}},"loc":{"start":{"line":16,"column":34},"end":{"line":17,"column":32}},"line":16},"2":{"name":"(anonymous_2)","decl":{"start":{"line":19,"column":25},"end":{"line":19,"column":26}},"loc":{"start":{"line":19,"column":36},"end":{"line":34,"column":3}},"line":19},"3":{"name":"(anonymous_3)","decl":{"start":{"line":23,"column":14},"end":{"line":23,"column":15}},"loc":{"start":{"line":23,"column":28},"end":{"line":23,"column":59}},"line":23},"4":{"name":"(anonymous_4)","decl":{"start":{"line":24,"column":15},"end":{"line":24,"column":16}},"loc":{"start":{"line":24,"column":24},"end":{"line":24,"column":40}},"line":24},"5":{"name":"(anonymous_5)","decl":{"start":{"line":31,"column":16},"end":{"line":31,"column":17}},"loc":{"start":{"line":31,"column":30},"end":{"line":31,"column":47}},"line":31},"6":{"name":"(anonymous_6)","decl":{"start":{"line":32,"column":17},"end":{"line":32,"column":18}},"loc":{"start":{"line":32,"column":26},"end":{"line":32,"column":42}},"line":32},"7":{"name":"(anonymous_7)","decl":{"start":{"line":47,"column":17},"end":{"line":47,"column":18}},"loc":{"start":{"line":47,"column":28},"end":{"line":47,"column":54}},"line":47},"8":{"name":"(anonymous_8)","decl":{"start":{"line":60,"column":17},"end":{"line":60,"column":18}},"loc":{"start":{"line":60,"column":26},"end":{"line":60,"column":51}},"line":60}},"branchMap":{"0":{"loc":{"start":{"line":21,"column":4},"end":{"line":33,"column":14}},"type":"cond-expr","locations":[{"start":{"line":22,"column":9},"end":{"line":24,"column":41}},{"start":{"line":26,"column":8},"end":{"line":33,"column":14}}],"line":21},"1":{"loc":{"start":{"line":21,"column":4},"end":{"line":21,"column":69}},"type":"binary-expr","locations":[{"start":{"line":21,"column":4},"end":{"line":21,"column":18}},{"start":{"line":21,"column":22},"end":{"line":21,"column":69}}],"line":21},"2":{"loc":{"start":{"line":26,"column":8},"end":{"line":33,"column":14}},"type":"cond-expr","locations":[{"start":{"line":27,"column":11},"end":{"line":32,"column":66}},{"start":{"line":33,"column":10},"end":{"line":33,"column":14}}],"line":26},"3":{"loc":{"start":{"line":26,"column":8},"end":{"line":26,"column":71}},"type":"binary-expr","locations":[{"start":{"line":26,"column":8},"end":{"line":26,"column":21}},{"start":{"line":26,"column":25},"end":{"line":26,"column":71}}],"line":26},"4":{"loc":{"start":{"line":53,"column":7},"end":{"line":53,"column":62}},"type":"cond-expr","locations":[{"start":{"line":53,"column":23},"end":{"line":53,"column":43}},{"start":{"line":53,"column":46},"end":{"line":53,"column":62}}],"line":53}},"s":{"0":1,"1":0,"2":0,"3":0,"4":0,"5":0,"6":0,"7":0,"8":0,"9":0,"10":0,"11":0,"12":0,"13":0},"f":{"0":0,"1":0,"2":0,"3":0,"4":0,"5":0,"6":0,"7":0,"8":0},"b":{"0":[0,0],"1":[0,0],"2":[0,0],"3":[0,0],"4":[0,0]},"_coverageSchema":"1a1c01bbd47fc00a2c39e90264f33305004495a9","hash":"8a41d3e0c7e4037fca09402ce3b535bbe0bdc256"}
,"/Users/jpg/Documents/RFP2205/Atelier-FEC/client/src/components/QnA/Answers.jsx": {"path":"/Users/jpg/Documents/RFP2205/Atelier-FEC/client/src/components/QnA/Answers.jsx","statementMap":{"0":{"start":{"line":6,"column":2},"end":{"line":17,"column":4}}},"fnMap":{"0":{"name":"Answers","decl":{"start":{"line":5,"column":9},"end":{"line":5,"column":16}},"loc":{"start":{"line":5,"column":29},"end":{"line":18,"column":1}},"line":5}},"branchMap":{},"s":{"0":0},"f":{"0":0},"b":{},"_coverageSchema":"1a1c01bbd47fc00a2c39e90264f33305004495a9","hash":"417a81b095954254b817335d4c2cd3ee601b2369"}
,"/Users/jpg/Documents/RFP2205/Atelier-FEC/client/src/components/QnA/MoreAnswers.jsx": {"path":"/Users/jpg/Documents/RFP2205/Atelier-FEC/client/src/components/QnA/MoreAnswers.jsx","statementMap":{"0":{"start":{"line":5,"column":48},"end":{"line":5,"column":62}},"1":{"start":{"line":7,"column":2},"end":{"line":42,"column":4}},"2":{"start":{"line":16,"column":16},"end":{"line":16,"column":53}},"3":{"start":{"line":25,"column":16},"end":{"line":25,"column":59}},"4":{"start":{"line":32,"column":20},"end":{"line":32,"column":57}}},"fnMap":{"0":{"name":"MoreAnswers","decl":{"start":{"line":4,"column":9},"end":{"line":4,"column":20}},"loc":{"start":{"line":4,"column":45},"end":{"line":43,"column":1}},"line":4},"1":{"name":"(anonymous_1)","decl":{"start":{"line":15,"column":23},"end":{"line":15,"column":24}},"loc":{"start":{"line":15,"column":29},"end":{"line":17,"column":15}},"line":15},"2":{"name":"(anonymous_2)","decl":{"start":{"line":24,"column":39},"end":{"line":24,"column":40}},"loc":{"start":{"line":25,"column":16},"end":{"line":25,"column":59}},"line":25},"3":{"name":"(anonymous_3)","decl":{"start":{"line":31,"column":27},"end":{"line":31,"column":28}},"loc":{"start":{"line":31,"column":33},"end":{"line":33,"column":19}},"line":31}},"branchMap":{"0":{"loc":{"start":{"line":10,"column":8},"end":{"line":39,"column":11}},"type":"cond-expr","locations":[{"start":{"line":12,"column":12},"end":{"line":20,"column":21}},{"start":{"line":23,"column":12},"end":{"line":38,"column":15}}],"line":10}},"s":{"0":0,"1":0,"2":0,"3":0,"4":0},"f":{"0":0,"1":0,"2":0,"3":0},"b":{"0":[0,0]},"_coverageSchema":"1a1c01bbd47fc00a2c39e90264f33305004495a9","hash":"d0b6c4e622cfd68dc84e5903ef3a2204d0fcc014"}
,"/Users/jpg/Documents/RFP2205/Atelier-FEC/client/src/components/QnA/MoreQuestions.jsx": {"path":"/Users/jpg/Documents/RFP2205/Atelier-FEC/client/src/components/QnA/MoreQuestions.jsx","statementMap":{"0":{"start":{"line":5,"column":52},"end":{"line":5,"column":66}},"1":{"start":{"line":22,"column":2},"end":{"line":59,"column":4}},"2":{"start":{"line":34,"column":18},"end":{"line":34,"column":59}},"3":{"start":{"line":45,"column":16},"end":{"line":45,"column":75}},"4":{"start":{"line":51,"column":18},"end":{"line":51,"column":59}}},"fnMap":{"0":{"name":"MoreQuestions","decl":{"start":{"line":4,"column":9},"end":{"line":4,"column":22}},"loc":{"start":{"line":4,"column":77},"end":{"line":60,"column":1}},"line":4},"1":{"name":"(anonymous_1)","decl":{"start":{"line":33,"column":25},"end":{"line":33,"column":26}},"loc":{"start":{"line":33,"column":31},"end":{"line":35,"column":17}},"line":33},"2":{"name":"(anonymous_2)","decl":{"start":{"line":44,"column":38},"end":{"line":44,"column":39}},"loc":{"start":{"line":45,"column":16},"end":{"line":45,"column":75}},"line":45},"3":{"name":"(anonymous_3)","decl":{"start":{"line":50,"column":25},"end":{"line":50,"column":26}},"loc":{"start":{"line":50,"column":31},"end":{"line":52,"column":17}},"line":50}},"branchMap":{"0":{"loc":{"start":{"line":26,"column":8},"end":{"line":56,"column":11}},"type":"cond-expr","locations":[{"start":{"line":28,"column":12},"end":{"line":40,"column":15}},{"start":{"line":43,"column":12},"end":{"line":55,"column":15}}],"line":26}},"s":{"0":0,"1":0,"2":0,"3":0,"4":0},"f":{"0":0,"1":0,"2":0,"3":0},"b":{"0":[0,0]},"_coverageSchema":"1a1c01bbd47fc00a2c39e90264f33305004495a9","hash":"ead34bfe335c1bfbf17b030d23aa7a28029d9213"}
,"/Users/jpg/Documents/RFP2205/Atelier-FEC/client/src/components/QnA/QnA.jsx": {"path":"/Users/jpg/Documents/RFP2205/Atelier-FEC/client/src/components/QnA/QnA.jsx","statementMap":{"0":{"start":{"line":10,"column":22},"end":{"line":13,"column":1}},"1":{"start":{"line":15,"column":18},"end":{"line":20,"column":1}},"2":{"start":{"line":22,"column":18},"end":{"line":26,"column":1}},"3":{"start":{"line":28,"column":18},"end":{"line":40,"column":1}},"4":{"start":{"line":42,"column":18},"end":{"line":59,"column":1}},"5":{"start":{"line":69,"column":40},"end":{"line":69,"column":54}},"6":{"start":{"line":74,"column":36},"end":{"line":74,"column":48}},"7":{"start":{"line":75,"column":50},"end":{"line":75,"column":62}},"8":{"start":{"line":77,"column":36},"end":{"line":77,"column":51}},"9":{"start":{"line":78,"column":38},"end":{"line":78,"column":59}},"10":{"start":{"line":82,"column":2},"end":{"line":93,"column":18}},"11":{"start":{"line":83,"column":4},"end":{"line":92,"column":9}},"12":{"start":{"line":85,"column":8},"end":{"line":85,"column":90}},"13":{"start":{"line":85,"column":58},"end":{"line":85,"column":87}},"14":{"start":{"line":86,"column":8},"end":{"line":86,"column":109}},"15":{"start":{"line":86,"column":77},"end":{"line":86,"column":106}},"16":{"start":{"line":91,"column":8},"end":{"line":91,"column":47}},"17":{"start":{"line":94,"column":23},"end":{"line":96,"column":3}},"18":{"start":{"line":95,"column":4},"end":{"line":95,"column":78}},"19":{"start":{"line":98,"column":26},"end":{"line":100,"column":3}},"20":{"start":{"line":99,"column":4},"end":{"line":99,"column":23}},"21":{"start":{"line":101,"column":27},"end":{"line":103,"column":3}},"22":{"start":{"line":102,"column":4},"end":{"line":102,"column":24}},"23":{"start":{"line":105,"column":2},"end":{"line":146,"column":4}},"24":{"start":{"line":109,"column":37},"end":{"line":109,"column":60}},"25":{"start":{"line":149,"column":0},"end":{"line":152,"column":2}},"26":{"start":{"line":154,"column":0},"end":{"line":157,"column":2}},"27":{"start":{"line":156,"column":23},"end":{"line":156,"column":24}}},"fnMap":{"0":{"name":"QnA","decl":{"start":{"line":61,"column":9},"end":{"line":61,"column":12}},"loc":{"start":{"line":61,"column":20},"end":{"line":147,"column":1}},"line":61},"1":{"name":"(anonymous_1)","decl":{"start":{"line":82,"column":12},"end":{"line":82,"column":13}},"loc":{"start":{"line":82,"column":18},"end":{"line":93,"column":3}},"line":82},"2":{"name":"(anonymous_2)","decl":{"start":{"line":84,"column":12},"end":{"line":84,"column":13}},"loc":{"start":{"line":84,"column":26},"end":{"line":89,"column":7}},"line":84},"3":{"name":"(anonymous_3)","decl":{"start":{"line":85,"column":48},"end":{"line":85,"column":49}},"loc":{"start":{"line":85,"column":58},"end":{"line":85,"column":87}},"line":85},"4":{"name":"(anonymous_4)","decl":{"start":{"line":86,"column":67},"end":{"line":86,"column":68}},"loc":{"start":{"line":86,"column":77},"end":{"line":86,"column":106}},"line":86},"5":{"name":"(anonymous_5)","decl":{"start":{"line":90,"column":13},"end":{"line":90,"column":14}},"loc":{"start":{"line":90,"column":22},"end":{"line":92,"column":7}},"line":90},"6":{"name":"(anonymous_6)","decl":{"start":{"line":94,"column":23},"end":{"line":94,"column":24}},"loc":{"start":{"line":94,"column":40},"end":{"line":96,"column":3}},"line":94},"7":{"name":"(anonymous_7)","decl":{"start":{"line":98,"column":26},"end":{"line":98,"column":27}},"loc":{"start":{"line":98,"column":32},"end":{"line":100,"column":3}},"line":98},"8":{"name":"(anonymous_8)","decl":{"start":{"line":101,"column":27},"end":{"line":101,"column":28}},"loc":{"start":{"line":101,"column":33},"end":{"line":103,"column":3}},"line":101},"9":{"name":"(anonymous_9)","decl":{"start":{"line":109,"column":24},"end":{"line":109,"column":25}},"loc":{"start":{"line":109,"column":35},"end":{"line":109,"column":62}},"line":109},"10":{"name":"(anonymous_10)","decl":{"start":{"line":156,"column":16},"end":{"line":156,"column":17}},"loc":{"start":{"line":156,"column":23},"end":{"line":156,"column":24}},"line":156}},"branchMap":{"0":{"loc":{"start":{"line":95,"column":4},"end":{"line":95,"column":77}},"type":"cond-expr","locations":[{"start":{"line":95,"column":29},"end":{"line":95,"column":56}},{"start":{"line":95,"column":59},"end":{"line":95,"column":77}}],"line":95},"1":{"loc":{"start":{"line":126,"column":9},"end":{"line":135,"column":16}},"type":"cond-expr","locations":[{"start":{"line":127,"column":10},"end":{"line":133,"column":12}},{"start":{"line":135,"column":12},"end":{"line":135,"column":16}}],"line":126},"2":{"loc":{"start":{"line":126,"column":9},"end":{"line":126,"column":71}},"type":"binary-expr","locations":[{"start":{"line":126,"column":9},"end":{"line":126,"column":32}},{"start":{"line":126,"column":36},"end":{"line":126,"column":71}}],"line":126}},"s":{"0":1,"1":1,"2":1,"3":1,"4":1,"5":2,"6":1,"7":1,"8":1,"9":1,"10":1,"11":1,"12":0,"13":0,"14":0,"15":0,"16":0,"17":1,"18":0,"19":1,"20":0,"21":1,"22":0,"23":1,"24":0,"25":1,"26":1,"27":0},"f":{"0":2,"1":1,"2":0,"3":0,"4":0,"5":0,"6":0,"7":0,"8":0,"9":0,"10":0},"b":{"0":[0,0],"1":[0,1],"2":[1,1]},"_coverageSchema":"1a1c01bbd47fc00a2c39e90264f33305004495a9","hash":"50002981e086334a9eb9ec0eed4db74bcf9e4354"}
,"/Users/jpg/Documents/RFP2205/Atelier-FEC/client/src/components/QnA/Question.jsx": {"path":"/Users/jpg/Documents/RFP2205/Atelier-FEC/client/src/components/QnA/Question.jsx","statementMap":{"0":{"start":{"line":7,"column":20},"end":{"line":7,"column":49}},"1":{"start":{"line":8,"column":21},"end":{"line":8,"column":66}},"2":{"start":{"line":8,"column":44},"end":{"line":8,"column":65}},"3":{"start":{"line":9,"column":2},"end":{"line":27,"column":4}},"4":{"start":{"line":17,"column":8},"end":{"line":24,"column":11}},"5":{"start":{"line":29,"column":0},"end":{"line":33,"column":2}},"6":{"start":{"line":35,"column":0},"end":{"line":38,"column":2}}},"fnMap":{"0":{"name":"Question","decl":{"start":{"line":6,"column":9},"end":{"line":6,"column":17}},"loc":{"start":{"line":6,"column":44},"end":{"line":28,"column":1}},"line":6},"1":{"name":"(anonymous_1)","decl":{"start":{"line":8,"column":35},"end":{"line":8,"column":36}},"loc":{"start":{"line":8,"column":44},"end":{"line":8,"column":65}},"line":8},"2":{"name":"(anonymous_2)","decl":{"start":{"line":16,"column":22},"end":{"line":16,"column":23}},"loc":{"start":{"line":17,"column":8},"end":{"line":24,"column":11}},"line":17}},"branchMap":{"0":{"loc":{"start":{"line":17,"column":8},"end":{"line":24,"column":11}},"type":"cond-expr","locations":[{"start":{"line":18,"column":12},"end":{"line":18,"column":75}},{"start":{"line":20,"column":12},"end":{"line":23,"column":14}}],"line":17}},"s":{"0":0,"1":0,"2":0,"3":0,"4":0,"5":1,"6":1},"f":{"0":0,"1":0,"2":0},"b":{"0":[0,0]},"_coverageSchema":"1a1c01bbd47fc00a2c39e90264f33305004495a9","hash":"8f73a8d02706612caaa0cb6471c56ef942cecd73"}
,"/Users/jpg/Documents/RFP2205/Atelier-FEC/client/src/components/QnA/QuestionsList.jsx": {"path":"/Users/jpg/Documents/RFP2205/Atelier-FEC/client/src/components/QnA/QuestionsList.jsx","statementMap":{"0":{"start":{"line":12,"column":2},"end":{"line":72,"column":3}},"1":{"start":{"line":24,"column":10},"end":{"line":33,"column":11}},"2":{"start":{"line":25,"column":12},"end":{"line":32,"column":14}},"3":{"start":{"line":34,"column":10},"end":{"line":40,"column":12}},"4":{"start":{"line":50,"column":10},"end":{"line":53,"column":11}},"5":{"start":{"line":52,"column":12},"end":{"line":52,"column":28}},"6":{"start":{"line":56,"column":12},"end":{"line":69,"column":15}},"7":{"start":{"line":75,"column":0},"end":{"line":78,"column":2}},"8":{"start":{"line":80,"column":0},"end":{"line":83,"column":2}}},"fnMap":{"0":{"name":"QuestionsList","decl":{"start":{"line":6,"column":9},"end":{"line":6,"column":22}},"loc":{"start":{"line":7,"column":3},"end":{"line":73,"column":1}},"line":7},"1":{"name":"(anonymous_1)","decl":{"start":{"line":17,"column":31},"end":{"line":17,"column":32}},"loc":{"start":{"line":17,"column":52},"end":{"line":48,"column":9}},"line":17},"2":{"name":"(anonymous_2)","decl":{"start":{"line":49,"column":27},"end":{"line":49,"column":28}},"loc":{"start":{"line":49,"column":41},"end":{"line":54,"column":9}},"line":49},"3":{"name":"(anonymous_3)","decl":{"start":{"line":55,"column":27},"end":{"line":55,"column":28}},"loc":{"start":{"line":56,"column":12},"end":{"line":69,"column":15}},"line":56}},"branchMap":{"0":{"loc":{"start":{"line":16,"column":7},"end":{"line":70,"column":12}},"type":"cond-expr","locations":[{"start":{"line":17,"column":10},"end":{"line":48,"column":10}},{"start":{"line":49,"column":10},"end":{"line":70,"column":12}}],"line":16},"1":{"loc":{"start":{"line":24,"column":10},"end":{"line":33,"column":11}},"type":"if","locations":[{"start":{"line":24,"column":10},"end":{"line":33,"column":11}},{"start":{},"end":{}}],"line":24},"2":{"loc":{"start":{"line":50,"column":10},"end":{"line":53,"column":11}},"type":"if","locations":[{"start":{"line":50,"column":10},"end":{"line":53,"column":11}},{"start":{},"end":{}}],"line":50},"3":{"loc":{"start":{"line":50,"column":14},"end":{"line":51,"column":48}},"type":"binary-expr","locations":[{"start":{"line":50,"column":14},"end":{"line":50,"column":22}},{"start":{"line":50,"column":26},"end":{"line":50,"column":43}},{"start":{"line":50,"column":47},"end":{"line":51,"column":48}}],"line":50},"4":{"loc":{"start":{"line":56,"column":12},"end":{"line":69,"column":15}},"type":"cond-expr","locations":[{"start":{"line":58,"column":16},"end":{"line":61,"column":18}},{"start":{"line":64,"column":16},"end":{"line":68,"column":18}}],"line":56}},"s":{"0":0,"1":0,"2":0,"3":0,"4":0,"5":0,"6":0,"7":1,"8":1},"f":{"0":0,"1":0,"2":0,"3":0},"b":{"0":[0,0],"1":[0,0],"2":[0,0],"3":[0,0,0],"4":[0,0]},"_coverageSchema":"1a1c01bbd47fc00a2c39e90264f33305004495a9","hash":"78e5e8e619de87cb5fe611a93125dcc526f9447f"}
,"/Users/jpg/Documents/RFP2205/Atelier-FEC/client/src/components/QnA/Search.jsx": {"path":"/Users/jpg/Documents/RFP2205/Atelier-FEC/client/src/components/QnA/Search.jsx","statementMap":{"0":{"start":{"line":4,"column":22},"end":{"line":8,"column":3}},"1":{"start":{"line":5,"column":4},"end":{"line":5,"column":27}},"2":{"start":{"line":6,"column":23},"end":{"line":6,"column":28}},"3":{"start":{"line":7,"column":4},"end":{"line":7,"column":53}},"4":{"start":{"line":9,"column":2},"end":{"line":20,"column":4}},"5":{"start":{"line":15,"column":31},"end":{"line":15,"column":63}}},"fnMap":{"0":{"name":"Search","decl":{"start":{"line":3,"column":9},"end":{"line":3,"column":15}},"loc":{"start":{"line":3,"column":47},"end":{"line":21,"column":1}},"line":3},"1":{"name":"(anonymous_1)","decl":{"start":{"line":4,"column":22},"end":{"line":4,"column":23}},"loc":{"start":{"line":4,"column":33},"end":{"line":8,"column":3}},"line":4},"2":{"name":"(anonymous_2)","decl":{"start":{"line":15,"column":20},"end":{"line":15,"column":21}},"loc":{"start":{"line":15,"column":31},"end":{"line":15,"column":63}},"line":15}},"branchMap":{},"s":{"0":1,"1":0,"2":0,"3":0,"4":1,"5":0},"f":{"0":1,"1":0,"2":0},"b":{},"_coverageSchema":"1a1c01bbd47fc00a2c39e90264f33305004495a9","hash":"6a6467ef99fb897294ea0372b40bb9c56be47379"}
,"/Users/jpg/Documents/RFP2205/Atelier-FEC/client/src/components/Ratings/services/strFilter.js": {"path":"/Users/jpg/Documents/RFP2205/Atelier-FEC/client/src/components/Ratings/services/strFilter.js","statementMap":{"0":{"start":{"line":1,"column":0},"end":{"line":6,"column":2}},"1":{"start":{"line":2,"column":2},"end":{"line":4,"column":3}},"2":{"start":{"line":3,"column":4},"end":{"line":3,"column":44}},"3":{"start":{"line":5,"column":2},"end":{"line":5,"column":16}}},"fnMap":{"0":{"name":"(anonymous_0)","decl":{"start":{"line":1,"column":30},"end":{"line":1,"column":31}},"loc":{"start":{"line":1,"column":47},"end":{"line":6,"column":1}},"line":1}},"branchMap":{"0":{"loc":{"start":{"line":2,"column":2},"end":{"line":4,"column":3}},"type":"if","locations":[{"start":{"line":2,"column":2},"end":{"line":4,"column":3}},{"start":{},"end":{}}],"line":2},"1":{"loc":{"start":{"line":2,"column":6},"end":{"line":2,"column":65}},"type":"binary-expr","locations":[{"start":{"line":2,"column":6},"end":{"line":2,"column":12}},{"start":{"line":2,"column":16},"end":{"line":2,"column":42}},{"start":{"line":2,"column":46},"end":{"line":2,"column":65}}],"line":2}},"s":{"0":1,"1":1,"2":1,"3":0},"f":{"0":1},"b":{"0":[1,0],"1":[1,1,1]},"_coverageSchema":"1a1c01bbd47fc00a2c39e90264f33305004495a9","hash":"fdfa6565b08f5ea728192184f38acc33b30f2daa"}
,"/Users/jpg/Documents/RFP2205/Atelier-FEC/client/src/components/RelatedProducts/ComparisonModal.jsx": {"path":"/Users/jpg/Documents/RFP2205/Atelier-FEC/client/src/components/RelatedProducts/ComparisonModal.jsx","statementMap":{"0":{"start":{"line":9,"column":21},"end":{"line":22,"column":1}},"1":{"start":{"line":24,"column":18},"end":{"line":28,"column":1}},"2":{"start":{"line":30,"column":20},"end":{"line":37,"column":1}},"3":{"start":{"line":39,"column":17},"end":{"line":41,"column":1}},"4":{"start":{"line":43,"column":20},"end":{"line":47,"column":1}},"5":{"start":{"line":49,"column":14},"end":{"line":51,"column":1}},"6":{"start":{"line":54,"column":24},"end":{"line":54,"column":48}},"7":{"start":{"line":55,"column":24},"end":{"line":55,"column":45}},"8":{"start":{"line":56,"column":24},"end":{"line":56,"column":48}},"9":{"start":{"line":57,"column":50},"end":{"line":57,"column":62}},"10":{"start":{"line":58,"column":52},"end":{"line":58,"column":64}},"11":{"start":{"line":59,"column":42},"end":{"line":59,"column":54}},"12":{"start":{"line":60,"column":48},"end":{"line":60,"column":60}},"13":{"start":{"line":63,"column":4},"end":{"line":63,"column":40}},"14":{"start":{"line":66,"column":30},"end":{"line":66,"column":32}},"15":{"start":{"line":67,"column":30},"end":{"line":67,"column":32}},"16":{"start":{"line":68,"column":20},"end":{"line":68,"column":22}},"17":{"start":{"line":69,"column":18},"end":{"line":69,"column":20}},"18":{"start":{"line":72,"column":4},"end":{"line":89,"column":9}},"19":{"start":{"line":74,"column":24},"end":{"line":74,"column":26}},"20":{"start":{"line":75,"column":8},"end":{"line":75,"column":45}},"21":{"start":{"line":76,"column":8},"end":{"line":76,"column":45}},"22":{"start":{"line":77,"column":8},"end":{"line":77,"column":89}},"23":{"start":{"line":77,"column":52},"end":{"line":77,"column":87}},"24":{"start":{"line":78,"column":8},"end":{"line":78,"column":89}},"25":{"start":{"line":78,"column":52},"end":{"line":78,"column":87}},"26":{"start":{"line":79,"column":8},"end":{"line":79,"column":71}},"27":{"start":{"line":80,"column":8},"end":{"line":80,"column":73}},"28":{"start":{"line":81,"column":33},"end":{"line":81,"column":65}},"29":{"start":{"line":82,"column":8},"end":{"line":82,"column":51}},"30":{"start":{"line":83,"column":8},"end":{"line":83,"column":45}},"31":{"start":{"line":84,"column":8},"end":{"line":84,"column":50}},"32":{"start":{"line":85,"column":8},"end":{"line":85,"column":53}},"33":{"start":{"line":88,"column":8},"end":{"line":88,"column":70}},"34":{"start":{"line":92,"column":2},"end":{"line":94,"column":9}},"35":{"start":{"line":93,"column":4},"end":{"line":93,"column":24}},"36":{"start":{"line":96,"column":2},"end":{"line":121,"column":4}},"37":{"start":{"line":99,"column":38},"end":{"line":99,"column":55}},"38":{"start":{"line":111,"column":14},"end":{"line":115,"column":25}},"39":{"start":{"line":112,"column":46},"end":{"line":112,"column":66}},"40":{"start":{"line":114,"column":49},"end":{"line":114,"column":69}}},"fnMap":{"0":{"name":"ComparisonModal","decl":{"start":{"line":53,"column":9},"end":{"line":53,"column":24}},"loc":{"start":{"line":53,"column":27},"end":{"line":122,"column":1}},"line":53},"1":{"name":"getProductFeature","decl":{"start":{"line":62,"column":11},"end":{"line":62,"column":28}},"loc":{"start":{"line":62,"column":33},"end":{"line":64,"column":3}},"line":62},"2":{"name":"saveComparedItems","decl":{"start":{"line":71,"column":11},"end":{"line":71,"column":28}},"loc":{"start":{"line":71,"column":31},"end":{"line":90,"column":3}},"line":71},"3":{"name":"(anonymous_3)","decl":{"start":{"line":73,"column":12},"end":{"line":73,"column":13}},"loc":{"start":{"line":73,"column":24},"end":{"line":86,"column":7}},"line":73},"4":{"name":"(anonymous_4)","decl":{"start":{"line":77,"column":45},"end":{"line":77,"column":46}},"loc":{"start":{"line":77,"column":52},"end":{"line":77,"column":87}},"line":77},"5":{"name":"(anonymous_5)","decl":{"start":{"line":78,"column":45},"end":{"line":78,"column":46}},"loc":{"start":{"line":78,"column":52},"end":{"line":78,"column":87}},"line":78},"6":{"name":"(anonymous_6)","decl":{"start":{"line":87,"column":13},"end":{"line":87,"column":14}},"loc":{"start":{"line":87,"column":22},"end":{"line":89,"column":7}},"line":87},"7":{"name":"(anonymous_7)","decl":{"start":{"line":92,"column":12},"end":{"line":92,"column":13}},"loc":{"start":{"line":92,"column":18},"end":{"line":94,"column":3}},"line":92},"8":{"name":"(anonymous_8)","decl":{"start":{"line":99,"column":30},"end":{"line":99,"column":31}},"loc":{"start":{"line":99,"column":36},"end":{"line":99,"column":57}},"line":99},"9":{"name":"(anonymous_9)","decl":{"start":{"line":109,"column":33},"end":{"line":109,"column":34}},"loc":{"start":{"line":111,"column":14},"end":{"line":115,"column":25}},"line":111},"10":{"name":"(anonymous_10)","decl":{"start":{"line":112,"column":39},"end":{"line":112,"column":40}},"loc":{"start":{"line":112,"column":46},"end":{"line":112,"column":66}},"line":112},"11":{"name":"(anonymous_11)","decl":{"start":{"line":114,"column":42},"end":{"line":114,"column":43}},"loc":{"start":{"line":114,"column":49},"end":{"line":114,"column":69}},"line":114}},"branchMap":{"0":{"loc":{"start":{"line":112,"column":21},"end":{"line":112,"column":84}},"type":"cond-expr","locations":[{"start":{"line":112,"column":70},"end":{"line":112,"column":79}},{"start":{"line":112,"column":82},"end":{"line":112,"column":84}}],"line":112},"1":{"loc":{"start":{"line":114,"column":21},"end":{"line":114,"column":87}},"type":"cond-expr","locations":[{"start":{"line":114,"column":73},"end":{"line":114,"column":82}},{"start":{"line":114,"column":85},"end":{"line":114,"column":87}}],"line":114}},"s":{"0":1,"1":1,"2":1,"3":1,"4":1,"5":1,"6":0,"7":0,"8":0,"9":0,"10":0,"11":0,"12":0,"13":0,"14":0,"15":0,"16":0,"17":0,"18":0,"19":0,"20":0,"21":0,"22":0,"23":0,"24":0,"25":0,"26":0,"27":0,"28":0,"29":0,"30":0,"31":0,"32":0,"33":0,"34":0,"35":0,"36":0,"37":0,"38":0,"39":0,"40":0},"f":{"0":0,"1":0,"2":0,"3":0,"4":0,"5":0,"6":0,"7":0,"8":0,"9":0,"10":0,"11":0},"b":{"0":[0,0],"1":[0,0]},"_coverageSchema":"1a1c01bbd47fc00a2c39e90264f33305004495a9","hash":"5ec9a01f5667b86c70e45be7dea8a9cfc1eafa9d"}
,"/Users/jpg/Documents/RFP2205/Atelier-FEC/client/src/components/RelatedProducts/OutfitCard.jsx": {"path":"/Users/jpg/Documents/RFP2205/Atelier-FEC/client/src/components/RelatedProducts/OutfitCard.jsx","statementMap":{"0":{"start":{"line":7,"column":13},"end":{"line":16,"column":1}},"1":{"start":{"line":18,"column":16},"end":{"line":23,"column":1}},"2":{"start":{"line":25,"column":17},"end":{"line":32,"column":1}},"3":{"start":{"line":34,"column":13},"end":{"line":37,"column":1}},"4":{"start":{"line":39,"column":14},"end":{"line":43,"column":1}},"5":{"start":{"line":45,"column":21},"end":{"line":60,"column":1}},"6":{"start":{"line":63,"column":2},"end":{"line":92,"column":4}},"7":{"start":{"line":72,"column":35},"end":{"line":72,"column":59}},"8":{"start":{"line":95,"column":0},"end":{"line":100,"column":2}},"9":{"start":{"line":102,"column":0},"end":{"line":105,"column":2}}},"fnMap":{"0":{"name":"OutfitCard","decl":{"start":{"line":62,"column":9},"end":{"line":62,"column":19}},"loc":{"start":{"line":62,"column":42},"end":{"line":93,"column":1}},"line":62},"1":{"name":"(anonymous_1)","decl":{"start":{"line":72,"column":29},"end":{"line":72,"column":30}},"loc":{"start":{"line":72,"column":35},"end":{"line":72,"column":59}},"line":72},"2":{"name":"(anonymous_2)","decl":{"start":{"line":104,"column":14},"end":{"line":104,"column":15}},"loc":{"start":{"line":104,"column":20},"end":{"line":104,"column":22}},"line":104}},"branchMap":{"0":{"loc":{"start":{"line":65,"column":7},"end":{"line":71,"column":9}},"type":"cond-expr","locations":[{"start":{"line":67,"column":10},"end":{"line":67,"column":73}},{"start":{"line":70,"column":10},"end":{"line":70,"column":113}}],"line":65},"1":{"loc":{"start":{"line":76,"column":9},"end":{"line":88,"column":11}},"type":"cond-expr","locations":[{"start":{"line":78,"column":12},"end":{"line":81,"column":20}},{"start":{"line":84,"column":12},"end":{"line":87,"column":20}}],"line":76}},"s":{"0":1,"1":1,"2":1,"3":1,"4":1,"5":1,"6":0,"7":0,"8":1,"9":1},"f":{"0":0,"1":0,"2":0},"b":{"0":[0,0],"1":[0,0]},"_coverageSchema":"1a1c01bbd47fc00a2c39e90264f33305004495a9","hash":"751ff17c651081489965d836eea8b8eebb68fe02"}
,"/Users/jpg/Documents/RFP2205/Atelier-FEC/client/src/components/RelatedProducts/OutfitList.jsx": {"path":"/Users/jpg/Documents/RFP2205/Atelier-FEC/client/src/components/RelatedProducts/OutfitList.jsx","statementMap":{"0":{"start":{"line":9,"column":22},"end":{"line":15,"column":1}},"1":{"start":{"line":17,"column":22},"end":{"line":29,"column":1}},"2":{"start":{"line":31,"column":23},"end":{"line":43,"column":2}},"3":{"start":{"line":45,"column":24},"end":{"line":57,"column":1}},"4":{"start":{"line":59,"column":18},"end":{"line":75,"column":1}},"5":{"start":{"line":78,"column":20},"end":{"line":81,"column":3}},"6":{"start":{"line":79,"column":19},"end":{"line":79,"column":59}},"7":{"start":{"line":80,"column":4},"end":{"line":80,"column":29}},"8":{"start":{"line":83,"column":21},"end":{"line":86,"column":3}},"9":{"start":{"line":84,"column":19},"end":{"line":84,"column":59}},"10":{"start":{"line":85,"column":4},"end":{"line":85,"column":29}},"11":{"start":{"line":88,"column":24},"end":{"line":88,"column":45}},"12":{"start":{"line":89,"column":38},"end":{"line":89,"column":50}},"13":{"start":{"line":92,"column":4},"end":{"line":92,"column":40}},"14":{"start":{"line":96,"column":4},"end":{"line":96,"column":47}},"15":{"start":{"line":99,"column":21},"end":{"line":99,"column":23}},"16":{"start":{"line":102,"column":4},"end":{"line":110,"column":5}},"17":{"start":{"line":103,"column":6},"end":{"line":103,"column":66}},"18":{"start":{"line":105,"column":21},"end":{"line":105,"column":66}},"19":{"start":{"line":106,"column":6},"end":{"line":109,"column":7}},"20":{"start":{"line":107,"column":8},"end":{"line":107,"column":28}},"21":{"start":{"line":108,"column":8},"end":{"line":108,"column":66}},"22":{"start":{"line":114,"column":4},"end":{"line":126,"column":5}},"23":{"start":{"line":114,"column":38},"end":{"line":114,"column":64}},"24":{"start":{"line":115,"column":6},"end":{"line":125,"column":11}},"25":{"start":{"line":117,"column":26},"end":{"line":117,"column":28}},"26":{"start":{"line":118,"column":10},"end":{"line":118,"column":40}},"27":{"start":{"line":119,"column":10},"end":{"line":119,"column":41}},"28":{"start":{"line":120,"column":10},"end":{"line":120,"column":38}},"29":{"start":{"line":121,"column":10},"end":{"line":121,"column":66}},"30":{"start":{"line":121,"column":40},"end":{"line":121,"column":63}},"31":{"start":{"line":124,"column":10},"end":{"line":124,"column":68}},"32":{"start":{"line":130,"column":19},"end":{"line":130,"column":64}},"33":{"start":{"line":131,"column":4},"end":{"line":136,"column":5}},"34":{"start":{"line":131,"column":17},"end":{"line":131,"column":18}},"35":{"start":{"line":132,"column":6},"end":{"line":135,"column":7}},"36":{"start":{"line":133,"column":8},"end":{"line":133,"column":28}},"37":{"start":{"line":134,"column":8},"end":{"line":134,"column":66}},"38":{"start":{"line":140,"column":23},"end":{"line":140,"column":38}},"39":{"start":{"line":141,"column":18},"end":{"line":141,"column":71}},"40":{"start":{"line":141,"column":48},"end":{"line":141,"column":70}},"41":{"start":{"line":142,"column":4},"end":{"line":142,"column":32}},"42":{"start":{"line":143,"column":4},"end":{"line":143,"column":35}},"43":{"start":{"line":147,"column":4},"end":{"line":147,"column":34}},"44":{"start":{"line":148,"column":4},"end":{"line":148,"column":33}},"45":{"start":{"line":152,"column":4},"end":{"line":152,"column":35}},"46":{"start":{"line":153,"column":4},"end":{"line":153,"column":34}},"47":{"start":{"line":156,"column":2},"end":{"line":162,"column":9}},"48":{"start":{"line":157,"column":4},"end":{"line":161,"column":5}},"49":{"start":{"line":158,"column":6},"end":{"line":160,"column":9}},"50":{"start":{"line":159,"column":8},"end":{"line":159,"column":30}},"51":{"start":{"line":164,"column":20},"end":{"line":164,"column":22}},"52":{"start":{"line":165,"column":2},"end":{"line":167,"column":3}},"53":{"start":{"line":165,"column":15},"end":{"line":165,"column":16}},"54":{"start":{"line":166,"column":4},"end":{"line":166,"column":61}},"55":{"start":{"line":169,"column":2},"end":{"line":188,"column":4}},"56":{"start":{"line":176,"column":14},"end":{"line":180,"column":16}},"57":{"start":{"line":184,"column":48},"end":{"line":184,"column":57}}},"fnMap":{"0":{"name":"OutfitList","decl":{"start":{"line":77,"column":9},"end":{"line":77,"column":19}},"loc":{"start":{"line":77,"column":22},"end":{"line":189,"column":1}},"line":77},"1":{"name":"(anonymous_1)","decl":{"start":{"line":78,"column":20},"end":{"line":78,"column":21}},"loc":{"start":{"line":78,"column":26},"end":{"line":81,"column":3}},"line":78},"2":{"name":"(anonymous_2)","decl":{"start":{"line":83,"column":21},"end":{"line":83,"column":22}},"loc":{"start":{"line":83,"column":27},"end":{"line":86,"column":3}},"line":83},"3":{"name":"getOutfitInfo","decl":{"start":{"line":91,"column":11},"end":{"line":91,"column":24}},"loc":{"start":{"line":91,"column":29},"end":{"line":93,"column":3}},"line":91},"4":{"name":"getOutfitStyle","decl":{"start":{"line":95,"column":11},"end":{"line":95,"column":25}},"loc":{"start":{"line":95,"column":30},"end":{"line":97,"column":3}},"line":95},"5":{"name":"saveToLocalStorage","decl":{"start":{"line":101,"column":11},"end":{"line":101,"column":29}},"loc":{"start":{"line":101,"column":38},"end":{"line":111,"column":3}},"line":101},"6":{"name":"saveToOutfitState","decl":{"start":{"line":113,"column":11},"end":{"line":113,"column":28}},"loc":{"start":{"line":113,"column":37},"end":{"line":127,"column":3}},"line":113},"7":{"name":"(anonymous_7)","decl":{"start":{"line":114,"column":25},"end":{"line":114,"column":26}},"loc":{"start":{"line":114,"column":38},"end":{"line":114,"column":64}},"line":114},"8":{"name":"(anonymous_8)","decl":{"start":{"line":116,"column":14},"end":{"line":116,"column":15}},"loc":{"start":{"line":116,"column":26},"end":{"line":122,"column":9}},"line":116},"9":{"name":"(anonymous_9)","decl":{"start":{"line":121,"column":24},"end":{"line":121,"column":25}},"loc":{"start":{"line":121,"column":40},"end":{"line":121,"column":63}},"line":121},"10":{"name":"(anonymous_10)","decl":{"start":{"line":123,"column":15},"end":{"line":123,"column":16}},"loc":{"start":{"line":123,"column":24},"end":{"line":125,"column":9}},"line":123},"11":{"name":"deleteFromLocalStorage","decl":{"start":{"line":129,"column":11},"end":{"line":129,"column":33}},"loc":{"start":{"line":129,"column":42},"end":{"line":137,"column":3}},"line":129},"12":{"name":"deleteFromOutfitState","decl":{"start":{"line":139,"column":11},"end":{"line":139,"column":32}},"loc":{"start":{"line":139,"column":41},"end":{"line":144,"column":3}},"line":139},"13":{"name":"(anonymous_13)","decl":{"start":{"line":141,"column":39},"end":{"line":141,"column":40}},"loc":{"start":{"line":141,"column":48},"end":{"line":141,"column":70}},"line":141},"14":{"name":"addCard","decl":{"start":{"line":146,"column":11},"end":{"line":146,"column":18}},"loc":{"start":{"line":146,"column":21},"end":{"line":149,"column":3}},"line":146},"15":{"name":"deleteCard","decl":{"start":{"line":151,"column":11},"end":{"line":151,"column":21}},"loc":{"start":{"line":151,"column":30},"end":{"line":154,"column":3}},"line":151},"16":{"name":"(anonymous_16)","decl":{"start":{"line":156,"column":12},"end":{"line":156,"column":13}},"loc":{"start":{"line":156,"column":18},"end":{"line":162,"column":3}},"line":156},"17":{"name":"(anonymous_17)","decl":{"start":{"line":158,"column":60},"end":{"line":158,"column":61}},"loc":{"start":{"line":158,"column":68},"end":{"line":160,"column":7}},"line":158},"18":{"name":"(anonymous_18)","decl":{"start":{"line":175,"column":12},"end":{"line":175,"column":13}},"loc":{"start":{"line":176,"column":14},"end":{"line":180,"column":16}},"line":176},"19":{"name":"(anonymous_19)","decl":{"start":{"line":184,"column":42},"end":{"line":184,"column":43}},"loc":{"start":{"line":184,"column":48},"end":{"line":184,"column":57}},"line":184}},"branchMap":{"0":{"loc":{"start":{"line":102,"column":4},"end":{"line":110,"column":5}},"type":"if","locations":[{"start":{"line":102,"column":4},"end":{"line":110,"column":5}},{"start":{"line":104,"column":11},"end":{"line":110,"column":5}}],"line":102},"1":{"loc":{"start":{"line":106,"column":6},"end":{"line":109,"column":7}},"type":"if","locations":[{"start":{"line":106,"column":6},"end":{"line":109,"column":7}},{"start":{},"end":{}}],"line":106},"2":{"loc":{"start":{"line":114,"column":4},"end":{"line":126,"column":5}},"type":"if","locations":[{"start":{"line":114,"column":4},"end":{"line":126,"column":5}},{"start":{},"end":{}}],"line":114},"3":{"loc":{"start":{"line":132,"column":6},"end":{"line":135,"column":7}},"type":"if","locations":[{"start":{"line":132,"column":6},"end":{"line":135,"column":7}},{"start":{},"end":{}}],"line":132},"4":{"loc":{"start":{"line":157,"column":4},"end":{"line":161,"column":5}},"type":"if","locations":[{"start":{"line":157,"column":4},"end":{"line":161,"column":5}},{"start":{},"end":{}}],"line":157}},"s":{"0":1,"1":1,"2":1,"3":1,"4":1,"5":1,"6":0,"7":0,"8":1,"9":0,"10":0,"11":1,"12":1,"13":0,"14":0,"15":1,"16":0,"17":0,"18":0,"19":0,"20":0,"21":0,"22":0,"23":0,"24":0,"25":0,"26":0,"27":0,"28":0,"29":0,"30":0,"31":0,"32":0,"33":0,"34":0,"35":0,"36":0,"37":0,"38":0,"39":0,"40":0,"41":0,"42":0,"43":0,"44":0,"45":0,"46":0,"47":1,"48":1,"49":0,"50":0,"51":1,"52":1,"53":1,"54":0,"55":1,"56":0,"57":0},"f":{"0":1,"1":0,"2":0,"3":0,"4":0,"5":0,"6":0,"7":0,"8":0,"9":0,"10":0,"11":0,"12":0,"13":0,"14":0,"15":0,"16":1,"17":0,"18":0,"19":0},"b":{"0":[0,0],"1":[0,0],"2":[0,0],"3":[0,0],"4":[0,1]},"_coverageSchema":"1a1c01bbd47fc00a2c39e90264f33305004495a9","hash":"fc6648e49cfae6bc3596e89138cfb5921c640d40"}
,"/Users/jpg/Documents/RFP2205/Atelier-FEC/client/src/components/RelatedProducts/ProductCard.jsx": {"path":"/Users/jpg/Documents/RFP2205/Atelier-FEC/client/src/components/RelatedProducts/ProductCard.jsx","statementMap":{"0":{"start":{"line":9,"column":13},"end":{"line":19,"column":1}},"1":{"start":{"line":21,"column":16},"end":{"line":26,"column":1}},"2":{"start":{"line":28,"column":17},"end":{"line":35,"column":1}},"3":{"start":{"line":37,"column":13},"end":{"line":40,"column":1}},"4":{"start":{"line":42,"column":14},"end":{"line":45,"column":1}},"5":{"start":{"line":47,"column":19},"end":{"line":62,"column":1}},"6":{"start":{"line":64,"column":27},"end":{"line":64,"column":48}},"7":{"start":{"line":65,"column":38},"end":{"line":65,"column":62}},"8":{"start":{"line":67,"column":2},"end":{"line":110,"column":4}},"9":{"start":{"line":73,"column":29},"end":{"line":73,"column":56}},"10":{"start":{"line":81,"column":29},"end":{"line":81,"column":56}},"11":{"start":{"line":84,"column":35},"end":{"line":84,"column":51}},"12":{"start":{"line":84,"column":52},"end":{"line":84,"column":79}},"13":{"start":{"line":113,"column":0},"end":{"line":117,"column":2}},"14":{"start":{"line":119,"column":0},"end":{"line":121,"column":2}}},"fnMap":{"0":{"name":"ProductCard","decl":{"start":{"line":63,"column":9},"end":{"line":63,"column":20}},"loc":{"start":{"line":63,"column":31},"end":{"line":111,"column":1}},"line":63},"1":{"name":"(anonymous_1)","decl":{"start":{"line":73,"column":21},"end":{"line":73,"column":22}},"loc":{"start":{"line":73,"column":27},"end":{"line":73,"column":58}},"line":73},"2":{"name":"(anonymous_2)","decl":{"start":{"line":81,"column":21},"end":{"line":81,"column":22}},"loc":{"start":{"line":81,"column":27},"end":{"line":81,"column":58}},"line":81},"3":{"name":"(anonymous_3)","decl":{"start":{"line":84,"column":27},"end":{"line":84,"column":28}},"loc":{"start":{"line":84,"column":33},"end":{"line":84,"column":81}},"line":84}},"branchMap":{"0":{"loc":{"start":{"line":69,"column":7},"end":{"line":83,"column":9}},"type":"cond-expr","locations":[{"start":{"line":71,"column":10},"end":{"line":74,"column":12}},{"start":{"line":77,"column":10},"end":{"line":82,"column":12}}],"line":69},"1":{"loc":{"start":{"line":88,"column":9},"end":{"line":106,"column":11}},"type":"cond-expr","locations":[{"start":{"line":90,"column":12},"end":{"line":93,"column":20}},{"start":{"line":96,"column":12},"end":{"line":105,"column":16}}],"line":88}},"s":{"0":1,"1":1,"2":1,"3":1,"4":1,"5":1,"6":0,"7":0,"8":0,"9":0,"10":0,"11":0,"12":0,"13":1,"14":1},"f":{"0":0,"1":0,"2":0,"3":0},"b":{"0":[0,0],"1":[0,0]},"_coverageSchema":"1a1c01bbd47fc00a2c39e90264f33305004495a9","hash":"a53b3ef2d4117c57d09804f453f90ce9514f7809"}
,"/Users/jpg/Documents/RFP2205/Atelier-FEC/client/src/components/RelatedProducts/ProductList.jsx": {"path":"/Users/jpg/Documents/RFP2205/Atelier-FEC/client/src/components/RelatedProducts/ProductList.jsx","statementMap":{"0":{"start":{"line":8,"column":22},"end":{"line":14,"column":1}},"1":{"start":{"line":16,"column":22},"end":{"line":28,"column":1}},"2":{"start":{"line":30,"column":23},"end":{"line":42,"column":2}},"3":{"start":{"line":44,"column":24},"end":{"line":56,"column":1}},"4":{"start":{"line":59,"column":20},"end":{"line":62,"column":3}},"5":{"start":{"line":60,"column":19},"end":{"line":60,"column":60}},"6":{"start":{"line":61,"column":4},"end":{"line":61,"column":29}},"7":{"start":{"line":64,"column":21},"end":{"line":67,"column":3}},"8":{"start":{"line":65,"column":19},"end":{"line":65,"column":60}},"9":{"start":{"line":66,"column":4},"end":{"line":66,"column":29}},"10":{"start":{"line":69,"column":24},"end":{"line":69,"column":45}},"11":{"start":{"line":70,"column":40},"end":{"line":70,"column":52}},"12":{"start":{"line":73,"column":4},"end":{"line":73,"column":40}},"13":{"start":{"line":77,"column":4},"end":{"line":77,"column":47}},"14":{"start":{"line":80,"column":22},"end":{"line":80,"column":24}},"15":{"start":{"line":81,"column":22},"end":{"line":81,"column":24}},"16":{"start":{"line":83,"column":2},"end":{"line":107,"column":18}},"17":{"start":{"line":84,"column":4},"end":{"line":106,"column":9}},"18":{"start":{"line":86,"column":30},"end":{"line":86,"column":38}},"19":{"start":{"line":87,"column":8},"end":{"line":90,"column":11}},"20":{"start":{"line":88,"column":26},"end":{"line":88,"column":80}},"21":{"start":{"line":89,"column":10},"end":{"line":89,"column":36}},"22":{"start":{"line":92,"column":8},"end":{"line":105,"column":13}},"23":{"start":{"line":94,"column":12},"end":{"line":100,"column":15}},"24":{"start":{"line":95,"column":30},"end":{"line":95,"column":32}},"25":{"start":{"line":96,"column":14},"end":{"line":96,"column":45}},"26":{"start":{"line":97,"column":14},"end":{"line":97,"column":46}},"27":{"start":{"line":98,"column":14},"end":{"line":98,"column":39}},"28":{"start":{"line":99,"column":14},"end":{"line":99,"column":40}},"29":{"start":{"line":101,"column":12},"end":{"line":101,"column":40}},"30":{"start":{"line":104,"column":12},"end":{"line":104,"column":71}},"31":{"start":{"line":109,"column":2},"end":{"line":119,"column":4}},"32":{"start":{"line":114,"column":36},"end":{"line":114,"column":82}}},"fnMap":{"0":{"name":"ProductList","decl":{"start":{"line":58,"column":9},"end":{"line":58,"column":20}},"loc":{"start":{"line":58,"column":23},"end":{"line":120,"column":1}},"line":58},"1":{"name":"(anonymous_1)","decl":{"start":{"line":59,"column":20},"end":{"line":59,"column":21}},"loc":{"start":{"line":59,"column":26},"end":{"line":62,"column":3}},"line":59},"2":{"name":"(anonymous_2)","decl":{"start":{"line":64,"column":21},"end":{"line":64,"column":22}},"loc":{"start":{"line":64,"column":27},"end":{"line":67,"column":3}},"line":64},"3":{"name":"getRelatedInfo","decl":{"start":{"line":72,"column":11},"end":{"line":72,"column":25}},"loc":{"start":{"line":72,"column":30},"end":{"line":74,"column":3}},"line":72},"4":{"name":"getRelatedStyle","decl":{"start":{"line":76,"column":11},"end":{"line":76,"column":26}},"loc":{"start":{"line":76,"column":31},"end":{"line":78,"column":3}},"line":76},"5":{"name":"(anonymous_5)","decl":{"start":{"line":83,"column":12},"end":{"line":83,"column":13}},"loc":{"start":{"line":83,"column":18},"end":{"line":107,"column":3}},"line":83},"6":{"name":"(anonymous_6)","decl":{"start":{"line":85,"column":12},"end":{"line":85,"column":13}},"loc":{"start":{"line":85,"column":21},"end":{"line":106,"column":7}},"line":85},"7":{"name":"(anonymous_7)","decl":{"start":{"line":87,"column":30},"end":{"line":87,"column":31}},"loc":{"start":{"line":87,"column":38},"end":{"line":90,"column":9}},"line":87},"8":{"name":"(anonymous_8)","decl":{"start":{"line":93,"column":16},"end":{"line":93,"column":17}},"loc":{"start":{"line":93,"column":28},"end":{"line":102,"column":11}},"line":93},"9":{"name":"(anonymous_9)","decl":{"start":{"line":94,"column":27},"end":{"line":94,"column":28}},"loc":{"start":{"line":94,"column":40},"end":{"line":100,"column":13}},"line":94},"10":{"name":"(anonymous_10)","decl":{"start":{"line":103,"column":17},"end":{"line":103,"column":18}},"loc":{"start":{"line":103,"column":26},"end":{"line":105,"column":11}},"line":103},"11":{"name":"(anonymous_11)","decl":{"start":{"line":114,"column":26},"end":{"line":114,"column":27}},"loc":{"start":{"line":114,"column":36},"end":{"line":114,"column":82}},"line":114}},"branchMap":{},"s":{"0":1,"1":1,"2":1,"3":1,"4":1,"5":0,"6":0,"7":1,"8":0,"9":0,"10":1,"11":1,"12":0,"13":0,"14":1,"15":1,"16":1,"17":1,"18":0,"19":0,"20":0,"21":0,"22":0,"23":0,"24":0,"25":0,"26":0,"27":0,"28":0,"29":0,"30":0,"31":1,"32":0},"f":{"0":1,"1":0,"2":0,"3":0,"4":0,"5":1,"6":0,"7":0,"8":0,"9":0,"10":0,"11":0},"b":{},"_coverageSchema":"1a1c01bbd47fc00a2c39e90264f33305004495a9","hash":"be392cc848055570349a21a3f0bd8f3026d69f5b"}
,"/Users/jpg/Documents/RFP2205/Atelier-FEC/client/src/components/RelatedProducts/RelatedProducts.jsx": {"path":"/Users/jpg/Documents/RFP2205/Atelier-FEC/client/src/components/RelatedProducts/RelatedProducts.jsx","statementMap":{"0":{"start":{"line":8,"column":22},"end":{"line":11,"column":1}},"1":{"start":{"line":13,"column":22},"end":{"line":17,"column":1}},"2":{"start":{"line":20,"column":30},"end":{"line":20,"column":45}},"3":{"start":{"line":21,"column":36},"end":{"line":21,"column":47}},"4":{"start":{"line":23,"column":29},"end":{"line":25,"column":51}},"5":{"start":{"line":23,"column":44},"end":{"line":25,"column":3}},"6":{"start":{"line":27,"column":2},"end":{"line":37,"column":4}}},"fnMap":{"0":{"name":"RelatedProducts","decl":{"start":{"line":19,"column":9},"end":{"line":19,"column":24}},"loc":{"start":{"line":19,"column":27},"end":{"line":38,"column":1}},"line":19},"1":{"name":"(anonymous_1)","decl":{"start":{"line":23,"column":37},"end":{"line":23,"column":38}},"loc":{"start":{"line":23,"column":44},"end":{"line":25,"column":3}},"line":23}},"branchMap":{"0":{"loc":{"start":{"line":32,"column":9},"end":{"line":32,"column":42}},"type":"cond-expr","locations":[{"start":{"line":32,"column":18},"end":{"line":32,"column":37}},{"start":{"line":32,"column":40},"end":{"line":32,"column":42}}],"line":32}},"s":{"0":1,"1":1,"2":1,"3":1,"4":1,"5":1,"6":1},"f":{"0":1,"1":1},"b":{"0":[0,1]},"_coverageSchema":"1a1c01bbd47fc00a2c39e90264f33305004495a9","hash":"5a108c8764718de64028c11871edcacf7b60b671"}
,"/Users/jpg/Documents/RFP2205/Atelier-FEC/client/src/components/RelatedProducts/StarRating.jsx": {"path":"/Users/jpg/Documents/RFP2205/Atelier-FEC/client/src/components/RelatedProducts/StarRating.jsx","statementMap":{"0":{"start":{"line":5,"column":17},"end":{"line":5,"column":21}},"1":{"start":{"line":6,"column":21},"end":{"line":6,"column":47}},"2":{"start":{"line":7,"column":2},"end":{"line":9,"column":4}}},"fnMap":{"0":{"name":"StarRating","decl":{"start":{"line":4,"column":9},"end":{"line":4,"column":19}},"loc":{"start":{"line":4,"column":22},"end":{"line":10,"column":1}},"line":4}},"branchMap":{},"s":{"0":0,"1":0,"2":0},"f":{"0":0},"b":{},"_coverageSchema":"1a1c01bbd47fc00a2c39e90264f33305004495a9","hash":"a0658b215b7dad32b34c5bbc2b4f894304ed8dd3"}
}
