TN:
SF:client/src/components/Context.js
FNF:0
FNH:0
DA:3,2
LF:1
LH:1
BRF:0
BRH:0
end_of_record
TN:
SF:client/src/components/ModalContext.js
FNF:0
FNH:0
DA:3,1
LF:1
LH:1
BRF:0
BRH:0
end_of_record
TN:
SF:client/src/components/QnA/AddQuestion.jsx
FN:4,AddQuestion
FN:9,(anonymous_1)
FN:14,(anonymous_2)
FN:26,(anonymous_3)
FN:35,(anonymous_4)
FN:43,(anonymous_5)
FN:47,(anonymous_6)
FN:58,(anonymous_7)
FN:62,(anonymous_8)
FN:66,(anonymous_9)
FN:78,(anonymous_10)
FN:94,(anonymous_11)
FN:106,(anonymous_12)
FN:119,(anonymous_13)
FNF:14
FNH:1
FNDA:1,AddQuestion
FNDA:0,(anonymous_1)
FNDA:0,(anonymous_2)
FNDA:0,(anonymous_3)
FNDA:0,(anonymous_4)
FNDA:0,(anonymous_5)
FNDA:0,(anonymous_6)
FNDA:0,(anonymous_7)
FNDA:0,(anonymous_8)
FNDA:0,(anonymous_9)
FNDA:0,(anonymous_10)
FNDA:0,(anonymous_11)
FNDA:0,(anonymous_12)
FNDA:0,(anonymous_13)
DA:5,1
DA:6,1
DA:7,1
DA:9,1
DA:10,0
DA:11,0
DA:14,1
DA:15,0
DA:16,0
DA:26,1
DA:27,0
DA:28,0
DA:29,0
DA:30,0
DA:32,0
DA:35,1
DA:36,0
DA:37,0
DA:44,0
DA:45,0
DA:48,0
DA:51,0
DA:56,1
DA:58,0
DA:62,0
DA:66,0
DA:78,0
DA:94,0
DA:106,0
DA:119,0
DA:128,1
DA:129,1
DA:130,0
DA:132,1
LF:34
LH:11
BRDA:27,0,0,0
BRDA:27,0,1,0
BRDA:29,1,0,0
BRDA:29,1,1,0
BRDA:36,2,0,0
BRDA:36,2,1,0
BRDA:129,3,0,0
BRDA:129,3,1,1
BRF:8
BRH:1
end_of_record
TN:
SF:client/src/components/QnA/AnswerHelpful.jsx
FN:12,AnswerHelpful
FN:16,(anonymous_1)
FN:19,(anonymous_2)
FN:23,(anonymous_3)
FN:24,(anonymous_4)
FN:31,(anonymous_5)
FN:32,(anonymous_6)
FN:47,(anonymous_7)
FN:60,(anonymous_8)
FNF:9
FNH:0
FNDA:0,AnswerHelpful
FNDA:0,(anonymous_1)
FNDA:0,(anonymous_2)
FNDA:0,(anonymous_3)
FNDA:0,(anonymous_4)
FNDA:0,(anonymous_5)
FNDA:0,(anonymous_6)
FNDA:0,(anonymous_7)
FNDA:0,(anonymous_8)
DA:5,1
DA:13,0
DA:14,0
DA:16,0
DA:19,0
DA:21,0
DA:23,0
DA:24,0
DA:31,0
DA:32,0
DA:35,0
DA:47,0
DA:60,0
LF:13
LH:1
BRDA:21,0,0,0
BRDA:21,0,1,0
BRDA:21,1,0,0
BRDA:21,1,1,0
BRDA:26,2,0,0
BRDA:26,2,1,0
BRDA:26,3,0,0
BRDA:26,3,1,0
BRDA:53,4,0,0
BRDA:53,4,1,0
BRF:10
BRH:0
end_of_record
TN:
SF:client/src/components/QnA/Answers.jsx
FN:5,Answers
FNF:1
FNH:0
FNDA:0,Answers
DA:6,0
LF:1
LH:0
BRF:0
BRH:0
end_of_record
TN:
SF:client/src/components/QnA/MoreAnswers.jsx
FN:4,MoreAnswers
FN:15,(anonymous_1)
FN:24,(anonymous_2)
FN:31,(anonymous_3)
FNF:4
FNH:0
FNDA:0,MoreAnswers
FNDA:0,(anonymous_1)
FNDA:0,(anonymous_2)
FNDA:0,(anonymous_3)
DA:5,0
DA:7,0
DA:16,0
DA:25,0
DA:32,0
LF:5
LH:0
BRDA:10,0,0,0
BRDA:10,0,1,0
BRF:2
BRH:0
end_of_record
TN:
SF:client/src/components/QnA/MoreQuestions.jsx
FN:4,MoreQuestions
FN:33,(anonymous_1)
FN:44,(anonymous_2)
FN:50,(anonymous_3)
FNF:4
FNH:0
FNDA:0,MoreQuestions
FNDA:0,(anonymous_1)
FNDA:0,(anonymous_2)
FNDA:0,(anonymous_3)
DA:5,0
DA:22,0
DA:34,0
DA:45,0
DA:51,0
LF:5
LH:0
BRDA:26,0,0,0
BRDA:26,0,1,0
BRF:2
BRH:0
end_of_record
TN:
SF:client/src/components/QnA/QnA.jsx
FN:61,QnA
FN:82,(anonymous_1)
FN:84,(anonymous_2)
FN:85,(anonymous_3)
FN:86,(anonymous_4)
FN:90,(anonymous_5)
FN:94,(anonymous_6)
FN:98,(anonymous_7)
FN:101,(anonymous_8)
FN:109,(anonymous_9)
FN:156,(anonymous_10)
FNF:11
FNH:2
FNDA:2,QnA
FNDA:1,(anonymous_1)
FNDA:0,(anonymous_2)
FNDA:0,(anonymous_3)
FNDA:0,(anonymous_4)
FNDA:0,(anonymous_5)
FNDA:0,(anonymous_6)
FNDA:0,(anonymous_7)
FNDA:0,(anonymous_8)
FNDA:0,(anonymous_9)
FNDA:0,(anonymous_10)
DA:10,1
DA:15,1
DA:22,1
DA:28,1
DA:42,1
DA:69,2
DA:74,1
DA:75,1
DA:77,1
DA:78,1
DA:82,1
DA:83,1
DA:85,0
DA:86,0
DA:91,0
DA:94,1
DA:95,0
DA:98,1
DA:99,0
DA:101,1
DA:102,0
DA:105,1
DA:109,0
DA:149,1
DA:154,1
DA:156,0
LF:26
LH:18
BRDA:95,0,0,0
BRDA:95,0,1,0
BRDA:126,1,0,0
BRDA:126,1,1,1
BRDA:126,2,0,1
BRDA:126,2,1,1
BRF:6
BRH:3
end_of_record
TN:
SF:client/src/components/QnA/Question.jsx
FN:6,Question
FN:8,(anonymous_1)
FN:16,(anonymous_2)
FNF:3
FNH:0
FNDA:0,Question
FNDA:0,(anonymous_1)
FNDA:0,(anonymous_2)
DA:7,0
DA:8,0
DA:9,0
DA:17,0
DA:29,1
DA:35,1
LF:6
LH:2
BRDA:17,0,0,0
BRDA:17,0,1,0
BRF:2
BRH:0
end_of_record
TN:
SF:client/src/components/QnA/QuestionsList.jsx
FN:6,QuestionsList
FN:17,(anonymous_1)
FN:49,(anonymous_2)
FN:55,(anonymous_3)
FNF:4
FNH:0
FNDA:0,QuestionsList
FNDA:0,(anonymous_1)
FNDA:0,(anonymous_2)
FNDA:0,(anonymous_3)
DA:12,0
DA:24,0
DA:25,0
DA:34,0
DA:50,0
DA:52,0
DA:56,0
DA:75,1
DA:80,1
LF:9
LH:2
BRDA:16,0,0,0
BRDA:16,0,1,0
BRDA:24,1,0,0
BRDA:24,1,1,0
BRDA:50,2,0,0
BRDA:50,2,1,0
BRDA:50,3,0,0
BRDA:50,3,1,0
BRDA:50,3,2,0
BRDA:56,4,0,0
BRDA:56,4,1,0
BRF:11
BRH:0
end_of_record
TN:
SF:client/src/components/QnA/Search.jsx
FN:3,Search
FN:4,(anonymous_1)
FN:15,(anonymous_2)
FNF:3
FNH:1
FNDA:1,Search
FNDA:0,(anonymous_1)
FNDA:0,(anonymous_2)
DA:4,1
DA:5,0
DA:6,0
DA:7,0
DA:9,1
DA:15,0
LF:6
LH:2
BRF:0
BRH:0
end_of_record
TN:
SF:client/src/components/Ratings/services/strFilter.js
FN:1,(anonymous_0)
FNF:1
FNH:1
FNDA:1,(anonymous_0)
DA:1,1
DA:2,1
DA:3,1
DA:5,0
LF:4
LH:3
BRDA:2,0,0,1
BRDA:2,0,1,0
BRDA:2,1,0,1
BRDA:2,1,1,1
BRDA:2,1,2,1
BRF:5
BRH:4
end_of_record
TN:
SF:client/src/components/RelatedProducts/ComparisonModal.jsx
FN:53,ComparisonModal
FN:62,getProductFeature
FN:71,saveComparedItems
FN:73,(anonymous_3)
FN:77,(anonymous_4)
FN:78,(anonymous_5)
FN:87,(anonymous_6)
FN:92,(anonymous_7)
FN:99,(anonymous_8)
FN:109,(anonymous_9)
FN:112,(anonymous_10)
FN:114,(anonymous_11)
FNF:12
FNH:0
FNDA:0,ComparisonModal
FNDA:0,getProductFeature
FNDA:0,saveComparedItems
FNDA:0,(anonymous_3)
FNDA:0,(anonymous_4)
FNDA:0,(anonymous_5)
FNDA:0,(anonymous_6)
FNDA:0,(anonymous_7)
FNDA:0,(anonymous_8)
FNDA:0,(anonymous_9)
FNDA:0,(anonymous_10)
FNDA:0,(anonymous_11)
DA:9,1
DA:24,1
DA:30,1
DA:39,1
DA:43,1
DA:49,1
DA:54,0
DA:55,0
DA:56,0
DA:57,0
DA:58,0
DA:59,0
DA:60,0
DA:63,0
DA:66,0
DA:67,0
DA:68,0
DA:69,0
DA:72,0
DA:74,0
DA:75,0
DA:76,0
DA:77,0
DA:78,0
DA:79,0
DA:80,0
DA:81,0
DA:82,0
DA:83,0
DA:84,0
DA:85,0
DA:88,0
DA:92,0
DA:93,0
DA:96,0
DA:99,0
DA:111,0
DA:112,0
DA:114,0
LF:39
LH:6
BRDA:112,0,0,0
BRDA:112,0,1,0
BRDA:114,1,0,0
BRDA:114,1,1,0
BRF:4
BRH:0
end_of_record
TN:
SF:client/src/components/RelatedProducts/OutfitCard.jsx
FN:62,OutfitCard
FN:72,(anonymous_1)
FN:104,(anonymous_2)
FNF:3
FNH:0
FNDA:0,OutfitCard
FNDA:0,(anonymous_1)
FNDA:0,(anonymous_2)
DA:7,1
DA:18,1
DA:25,1
DA:34,1
DA:39,1
DA:45,1
DA:63,0
DA:72,0
DA:95,1
DA:102,1
LF:10
LH:8
BRDA:65,0,0,0
BRDA:65,0,1,0
BRDA:76,1,0,0
BRDA:76,1,1,0
BRF:4
BRH:0
end_of_record
TN:
SF:client/src/components/RelatedProducts/OutfitList.jsx
FN:77,OutfitList
FN:78,(anonymous_1)
FN:83,(anonymous_2)
FN:91,getOutfitInfo
FN:95,getOutfitStyle
FN:101,saveToLocalStorage
FN:113,saveToOutfitState
FN:114,(anonymous_7)
FN:116,(anonymous_8)
FN:121,(anonymous_9)
FN:123,(anonymous_10)
FN:129,deleteFromLocalStorage
FN:139,deleteFromOutfitState
FN:141,(anonymous_13)
FN:146,addCard
FN:151,deleteCard
FN:156,(anonymous_16)
FN:158,(anonymous_17)
FN:175,(anonymous_18)
FN:184,(anonymous_19)
FNF:20
FNH:2
FNDA:1,OutfitList
FNDA:0,(anonymous_1)
FNDA:0,(anonymous_2)
FNDA:0,getOutfitInfo
FNDA:0,getOutfitStyle
FNDA:0,saveToLocalStorage
FNDA:0,saveToOutfitState
FNDA:0,(anonymous_7)
FNDA:0,(anonymous_8)
FNDA:0,(anonymous_9)
FNDA:0,(anonymous_10)
FNDA:0,deleteFromLocalStorage
FNDA:0,deleteFromOutfitState
FNDA:0,(anonymous_13)
FNDA:0,addCard
FNDA:0,deleteCard
FNDA:1,(anonymous_16)
FNDA:0,(anonymous_17)
FNDA:0,(anonymous_18)
FNDA:0,(anonymous_19)
DA:9,1
DA:17,1
DA:31,1
DA:45,1
DA:59,1
DA:78,1
DA:79,0
DA:80,0
DA:83,1
DA:84,0
DA:85,0
DA:88,1
DA:89,1
DA:92,0
DA:96,0
DA:99,1
DA:102,0
DA:103,0
DA:105,0
DA:106,0
DA:107,0
DA:108,0
DA:114,0
DA:115,0
DA:117,0
DA:118,0
DA:119,0
DA:120,0
DA:121,0
DA:124,0
DA:130,0
DA:131,0
DA:132,0
DA:133,0
DA:134,0
DA:140,0
DA:141,0
DA:142,0
DA:143,0
DA:147,0
DA:148,0
DA:152,0
DA:153,0
DA:156,1
DA:157,1
DA:158,0
DA:159,0
DA:164,1
DA:165,1
DA:166,0
DA:169,1
DA:176,0
DA:184,0
LF:53
LH:15
BRDA:102,0,0,0
BRDA:102,0,1,0
BRDA:106,1,0,0
BRDA:106,1,1,0
BRDA:114,2,0,0
BRDA:114,2,1,0
BRDA:132,3,0,0
BRDA:132,3,1,0
BRDA:157,4,0,0
BRDA:157,4,1,1
BRF:10
BRH:1
end_of_record
TN:
SF:client/src/components/RelatedProducts/ProductCard.jsx
FN:63,ProductCard
FN:73,(anonymous_1)
FN:81,(anonymous_2)
FN:84,(anonymous_3)
FNF:4
FNH:0
FNDA:0,ProductCard
FNDA:0,(anonymous_1)
FNDA:0,(anonymous_2)
FNDA:0,(anonymous_3)
DA:9,1
DA:21,1
DA:28,1
DA:37,1
DA:42,1
DA:47,1
DA:64,0
DA:65,0
DA:67,0
DA:73,0
DA:81,0
DA:84,0
DA:113,1
DA:119,1
LF:14
LH:8
BRDA:69,0,0,0
BRDA:69,0,1,0
BRDA:88,1,0,0
BRDA:88,1,1,0
BRF:4
BRH:0
end_of_record
TN:
SF:client/src/components/RelatedProducts/ProductList.jsx
FN:58,ProductList
FN:59,(anonymous_1)
FN:64,(anonymous_2)
FN:72,getRelatedInfo
FN:76,getRelatedStyle
FN:83,(anonymous_5)
FN:85,(anonymous_6)
FN:87,(anonymous_7)
FN:93,(anonymous_8)
FN:94,(anonymous_9)
FN:103,(anonymous_10)
FN:114,(anonymous_11)
FNF:12
FNH:2
FNDA:1,ProductList
FNDA:0,(anonymous_1)
FNDA:0,(anonymous_2)
FNDA:0,getRelatedInfo
FNDA:0,getRelatedStyle
FNDA:1,(anonymous_5)
FNDA:0,(anonymous_6)
FNDA:0,(anonymous_7)
FNDA:0,(anonymous_8)
FNDA:0,(anonymous_9)
FNDA:0,(anonymous_10)
FNDA:0,(anonymous_11)
DA:8,1
DA:16,1
DA:30,1
DA:44,1
DA:59,1
DA:60,0
DA:61,0
DA:64,1
DA:65,0
DA:66,0
DA:69,1
DA:70,1
DA:73,0
DA:77,0
DA:80,1
DA:81,1
DA:83,1
DA:84,1
DA:86,0
DA:87,0
DA:88,0
DA:89,0
DA:92,0
DA:94,0
DA:95,0
DA:96,0
DA:97,0
DA:98,0
DA:99,0
DA:101,0
DA:104,0
DA:109,1
DA:114,0
LF:33
LH:13
BRF:0
BRH:0
end_of_record
TN:
SF:client/src/components/RelatedProducts/RelatedProducts.jsx
FN:19,RelatedProducts
FN:23,(anonymous_1)
FNF:2
FNH:2
FNDA:1,RelatedProducts
FNDA:1,(anonymous_1)
DA:8,1
DA:13,1
DA:20,1
DA:21,1
DA:23,1
DA:27,1
LF:6
LH:6
BRDA:32,0,0,0
BRDA:32,0,1,1
BRF:2
BRH:1
end_of_record
TN:
SF:client/src/components/RelatedProducts/StarRating.jsx
FN:4,StarRating
FNF:1
FNH:0
FNDA:0,StarRating
DA:5,0
DA:6,0
DA:7,0
LF:3
LH:0
BRF:0
BRH:0
end_of_record
