TN:
SF:client/src/components/Context.js
FNF:0
FNH:0
DA:3,1
LF:1
LH:1
BRF:0
BRH:0
end_of_record
TN:
SF:client/src/components/RelatedProducts/OutfitCard.jsx
FN:3,OutfitCard
FNF:1
FNH:1
FNDA:2,OutfitCard
DA:4,2
LF:1
LH:1
BRF:0
BRH:0
end_of_record
TN:
SF:client/src/components/RelatedProducts/OutfitList.jsx
FN:42,OutfitList
FNF:1
FNH:1
FNDA:2,OutfitList
DA:6,1
DA:16,1
DA:29,1
DA:43,2
LF:4
LH:4
BRF:0
BRH:0
end_of_record
TN:
SF:client/src/components/RelatedProducts/ProductCard.jsx
FN:62,ProductCard
FN:66,(anonymous_1)
FNF:2
FNH:0
FNDA:0,ProductCard
FNDA:0,(anonymous_1)
DA:7,1
DA:19,1
DA:26,1
DA:35,1
DA:40,1
DA:46,1
DA:57,1
DA:63,0
DA:65,0
DA:66,0
DA:97,1
DA:103,1
LF:12
LH:9
BRDA:67,0,0,0
BRDA:67,0,1,0
BRDA:78,1,0,0
BRDA:78,1,1,0
BRF:4
BRH:0
end_of_record
TN:
SF:client/src/components/RelatedProducts/ProductList.jsx
FN:56,ProductList
FN:57,(anonymous_1)
FN:62,(anonymous_2)
FN:70,getRelatedInfo
FN:74,getRelatedStyle
FN:81,(anonymous_5)
FN:83,(anonymous_6)
FN:85,(anonymous_7)
FN:91,(anonymous_8)
FN:92,(anonymous_9)
FN:101,(anonymous_10)
FN:112,(anonymous_11)
FNF:12
FNH:1
FNDA:5,ProductList
FNDA:0,(anonymous_1)
FNDA:0,(anonymous_2)
FNDA:0,getRelatedInfo
FNDA:0,getRelatedStyle
FNDA:0,(anonymous_5)
FNDA:0,(anonymous_6)
FNDA:0,(anonymous_7)
FNDA:0,(anonymous_8)
FNDA:0,(anonymous_9)
FNDA:0,(anonymous_10)
FNDA:0,(anonymous_11)
DA:8,1
DA:16,1
DA:30,1
DA:43,1
DA:57,5
DA:58,0
DA:59,0
DA:62,5
DA:63,0
DA:64,0
DA:67,5
DA:68,0
DA:71,0
DA:75,0
DA:78,0
DA:79,0
DA:81,0
DA:82,0
DA:84,0
DA:85,0
DA:86,0
DA:87,0
DA:90,0
DA:92,0
DA:93,0
DA:94,0
DA:95,0
DA:96,0
DA:97,0
DA:99,0
DA:102,0
DA:107,0
DA:112,0
LF:33
LH:7
BRF:0
BRH:0
end_of_record
TN:
SF:client/src/components/RelatedProducts/RelatedProducts.jsx
FN:18,RelatedProducts
FNF:1
FNH:1
FNDA:3,RelatedProducts
DA:6,1
DA:12,1
DA:19,3
LF:3
LH:3
BRF:0
BRH:0
end_of_record
